mode: set
snakealive/m/pkg/error_adapter/adapter.go:10.52,11.46 1 0
snakealive/m/pkg/error_adapter/adapter.go:15.2,15.12 1 0
snakealive/m/pkg/error_adapter/adapter.go:11.46,13.3 1 0
snakealive/m/pkg/error_adapter/adapter.go:18.61,20.2 1 0
snakealive/m/internal/services/sight/delivery/delivery.go:20.44,22.16 2 0
snakealive/m/internal/services/sight/delivery/delivery.go:26.2,27.24 2 0
snakealive/m/internal/services/sight/delivery/delivery.go:31.2,31.21 1 0
snakealive/m/internal/services/sight/delivery/delivery.go:22.16,24.3 1 0
snakealive/m/internal/services/sight/delivery/delivery.go:27.24,29.3 1 0
snakealive/m/internal/services/sight/delivery/delivery.go:36.44,38.16 2 0
snakealive/m/internal/services/sight/delivery/delivery.go:42.2,44.8 1 0
snakealive/m/internal/services/sight/delivery/delivery.go:38.16,40.3 1 0
snakealive/m/internal/services/sight/delivery/delivery.go:49.50,51.16 2 0
snakealive/m/internal/services/sight/delivery/delivery.go:55.2,56.24 2 0
snakealive/m/internal/services/sight/delivery/delivery.go:60.2,60.21 1 0
snakealive/m/internal/services/sight/delivery/delivery.go:51.16,53.3 1 0
snakealive/m/internal/services/sight/delivery/delivery.go:56.24,58.3 1 0
snakealive/m/internal/services/sight/delivery/delivery.go:65.60,73.16 2 0
snakealive/m/internal/services/sight/delivery/delivery.go:77.2,78.24 2 0
snakealive/m/internal/services/sight/delivery/delivery.go:81.2,81.21 1 0
snakealive/m/internal/services/sight/delivery/delivery.go:73.16,75.3 1 0
snakealive/m/internal/services/sight/delivery/delivery.go:78.24,80.3 1 0
snakealive/m/internal/services/sight/delivery/delivery.go:86.50,88.16 2 0
snakealive/m/internal/services/sight/delivery/delivery.go:92.2,93.24 2 0
snakealive/m/internal/services/sight/delivery/delivery.go:97.2,97.21 1 0
snakealive/m/internal/services/sight/delivery/delivery.go:88.16,90.3 1 0
snakealive/m/internal/services/sight/delivery/delivery.go:93.24,95.3 1 0
snakealive/m/internal/services/sight/delivery/delivery.go:102.56,104.16 2 0
snakealive/m/internal/services/sight/delivery/delivery.go:108.2,109.27 2 0
snakealive/m/internal/services/sight/delivery/delivery.go:116.2,116.22 1 0
snakealive/m/internal/services/sight/delivery/delivery.go:104.16,106.3 1 0
snakealive/m/internal/services/sight/delivery/delivery.go:109.27,114.3 1 0
snakealive/m/internal/services/sight/delivery/delivery.go:121.56,123.16 2 0
snakealive/m/internal/services/sight/delivery/delivery.go:127.2,128.27 2 0
snakealive/m/internal/services/sight/delivery/delivery.go:135.2,135.22 1 0
snakealive/m/internal/services/sight/delivery/delivery.go:123.16,125.3 1 0
snakealive/m/internal/services/sight/delivery/delivery.go:128.27,133.3 1 0
snakealive/m/internal/services/sight/delivery/delivery.go:138.77,150.2 1 0
snakealive/m/internal/services/sight/delivery/delivery.go:154.36,159.2 1 0
snakealive/m/internal/gateway/country/repository/query_factory.go:13.62,18.2 1 1
snakealive/m/internal/gateway/country/repository/query_factory.go:20.66,25.2 1 1
snakealive/m/internal/gateway/country/repository/query_factory.go:27.73,32.2 1 1
snakealive/m/internal/gateway/country/repository/query_factory.go:34.37,36.2 1 1
snakealive/m/internal/services/review/delivery/review.go:20.137,25.2 1 0
snakealive/m/internal/services/review/delivery/review.go:27.133,31.16 2 0
snakealive/m/internal/services/review/delivery/review.go:35.2,37.34 3 0
snakealive/m/internal/services/review/delivery/review.go:48.2,50.8 1 0
snakealive/m/internal/services/review/delivery/review.go:31.16,33.3 1 0
snakealive/m/internal/services/review/delivery/review.go:37.34,46.3 2 0
snakealive/m/internal/services/review/delivery/review.go:53.125,60.16 2 0
snakealive/m/internal/services/review/delivery/review.go:64.2,65.16 2 0
snakealive/m/internal/services/review/delivery/review.go:69.2,75.8 1 0
snakealive/m/internal/services/review/delivery/review.go:60.16,62.3 1 0
snakealive/m/internal/services/review/delivery/review.go:65.16,67.3 1 0
snakealive/m/internal/services/review/delivery/review.go:78.121,80.17 2 0
snakealive/m/internal/services/review/delivery/review.go:84.2,85.16 2 0
snakealive/m/internal/services/review/delivery/review.go:89.2,89.28 1 0
snakealive/m/internal/services/review/delivery/review.go:80.17,82.3 1 0
snakealive/m/internal/services/review/delivery/review.go:85.16,87.3 1 0
snakealive/m/internal/services/sight/repository/query_factory.go:23.82,24.20 1 0
snakealive/m/internal/services/sight/repository/query_factory.go:28.2,34.29 4 0
snakealive/m/internal/services/sight/repository/query_factory.go:39.2,39.24 1 0
snakealive/m/internal/services/sight/repository/query_factory.go:44.2,44.22 1 0
snakealive/m/internal/services/sight/repository/query_factory.go:49.2,52.3 1 0
snakealive/m/internal/services/sight/repository/query_factory.go:24.20,26.3 1 0
snakealive/m/internal/services/sight/repository/query_factory.go:34.29,38.3 3 0
snakealive/m/internal/services/sight/repository/query_factory.go:39.24,43.3 3 0
snakealive/m/internal/services/sight/repository/query_factory.go:44.22,47.3 2 0
snakealive/m/internal/services/sight/repository/query_factory.go:55.64,60.2 1 0
snakealive/m/internal/services/sight/repository/query_factory.go:62.78,67.2 1 0
snakealive/m/internal/services/sight/repository/query_factory.go:69.71,74.2 1 0
snakealive/m/internal/services/sight/repository/query_factory.go:76.69,81.2 1 0
snakealive/m/internal/services/sight/repository/query_factory.go:83.53,87.2 1 0
snakealive/m/internal/services/sight/repository/query_factory.go:89.37,91.2 1 0
snakealive/m/pkg/logger/logger.go:13.27,18.16 4 0
snakealive/m/pkg/logger/logger.go:22.2,24.13 3 0
snakealive/m/pkg/logger/logger.go:18.16,19.13 1 0
snakealive/m/pkg/logger/logger.go:27.108,28.40 1 0
snakealive/m/pkg/logger/logger.go:28.40,40.3 3 0
snakealive/m/internal/services/review/usecase/review.go:24.83,26.2 1 0
snakealive/m/internal/services/review/usecase/review.go:28.97,31.2 2 0
snakealive/m/internal/services/review/usecase/review.go:33.81,35.2 1 0
snakealive/m/internal/services/review/usecase/review.go:37.66,39.2 1 0
snakealive/m/internal/services/review/usecase/review.go:41.124,43.2 1 0
snakealive/m/internal/services/review/usecase/review.go:45.82,48.2 2 0
snakealive/m/internal/services/review/usecase/review.go:50.98,56.2 4 0
snakealive/m/internal/services/trip/usecase/usecase.go:47.75,49.2 1 0
snakealive/m/internal/services/trip/usecase/usecase.go:51.96,55.2 2 0
snakealive/m/internal/services/trip/usecase/usecase.go:57.85,59.2 1 0
snakealive/m/internal/services/trip/usecase/usecase.go:61.94,65.2 2 0
snakealive/m/internal/services/trip/usecase/usecase.go:67.77,69.2 1 0
snakealive/m/internal/services/trip/usecase/usecase.go:71.93,73.33 2 0
snakealive/m/internal/services/trip/usecase/usecase.go:78.2,78.19 1 0
snakealive/m/internal/services/trip/usecase/usecase.go:73.33,74.23 1 0
snakealive/m/internal/services/trip/usecase/usecase.go:74.23,76.4 1 0
snakealive/m/internal/services/trip/usecase/usecase.go:81.88,87.2 4 0
snakealive/m/internal/services/trip/usecase/usecase.go:89.98,93.2 2 0
snakealive/m/internal/services/trip/usecase/usecase.go:95.87,97.2 1 0
snakealive/m/internal/services/trip/usecase/usecase.go:99.69,101.2 1 0
snakealive/m/internal/services/trip/usecase/usecase.go:103.97,106.2 2 0
snakealive/m/internal/services/trip/usecase/usecase.go:108.94,111.2 2 0
snakealive/m/internal/services/trip/usecase/usecase.go:113.80,115.2 1 0
snakealive/m/internal/services/trip/usecase/usecase.go:117.87,119.2 1 0
snakealive/m/internal/services/trip/usecase/usecase.go:121.92,127.2 4 0
snakealive/m/internal/services/trip/usecase/usecase.go:129.89,131.2 1 0
snakealive/m/internal/services/trip/usecase/usecase.go:133.85,135.2 1 0
snakealive/m/internal/services/trip/usecase/usecase.go:137.72,144.2 4 0
snakealive/m/internal/services/trip/usecase/usecase.go:146.79,148.2 1 0
snakealive/m/internal/services/sight/repository/repostory.go:27.107,30.16 3 0
snakealive/m/internal/services/sight/repository/repostory.go:33.2,36.18 3 0
snakealive/m/internal/services/sight/repository/repostory.go:50.2,50.20 1 0
snakealive/m/internal/services/sight/repository/repostory.go:30.16,32.3 1 0
snakealive/m/internal/services/sight/repository/repostory.go:36.18,43.17 2 0
snakealive/m/internal/services/sight/repository/repostory.go:47.3,47.33 1 0
snakealive/m/internal/services/sight/repository/repostory.go:43.17,45.4 1 0
snakealive/m/internal/services/sight/repository/repostory.go:53.91,59.16 3 0
snakealive/m/internal/services/sight/repository/repostory.go:67.2,67.19 1 0
snakealive/m/internal/services/sight/repository/repostory.go:59.16,60.27 1 0
snakealive/m/internal/services/sight/repository/repostory.go:64.3,64.29 1 0
snakealive/m/internal/services/sight/repository/repostory.go:60.27,62.4 1 0
snakealive/m/internal/services/sight/repository/repostory.go:70.99,73.16 3 0
snakealive/m/internal/services/sight/repository/repostory.go:76.2,79.18 3 0
snakealive/m/internal/services/sight/repository/repostory.go:92.2,92.20 1 0
snakealive/m/internal/services/sight/repository/repostory.go:73.16,75.3 1 0
snakealive/m/internal/services/sight/repository/repostory.go:79.18,85.17 2 0
snakealive/m/internal/services/sight/repository/repostory.go:89.3,89.33 1 0
snakealive/m/internal/services/sight/repository/repostory.go:85.17,87.4 1 0
snakealive/m/internal/services/sight/repository/repostory.go:95.97,98.16 3 0
snakealive/m/internal/services/sight/repository/repostory.go:101.2,104.18 3 0
snakealive/m/internal/services/sight/repository/repostory.go:117.2,117.20 1 0
snakealive/m/internal/services/sight/repository/repostory.go:98.16,100.3 1 0
snakealive/m/internal/services/sight/repository/repostory.go:104.18,110.17 2 0
snakealive/m/internal/services/sight/repository/repostory.go:114.3,114.33 1 0
snakealive/m/internal/services/sight/repository/repostory.go:110.17,112.4 1 0
snakealive/m/internal/services/sight/repository/repostory.go:120.111,123.16 3 0
snakealive/m/internal/services/sight/repository/repostory.go:126.2,129.18 3 0
snakealive/m/internal/services/sight/repository/repostory.go:142.2,142.20 1 0
snakealive/m/internal/services/sight/repository/repostory.go:123.16,125.3 1 0
snakealive/m/internal/services/sight/repository/repostory.go:129.18,135.17 2 0
snakealive/m/internal/services/sight/repository/repostory.go:139.3,139.33 1 0
snakealive/m/internal/services/sight/repository/repostory.go:135.17,137.4 1 0
snakealive/m/internal/services/sight/repository/repostory.go:145.78,148.16 3 0
snakealive/m/internal/services/sight/repository/repostory.go:151.2,154.18 3 0
snakealive/m/internal/services/sight/repository/repostory.go:164.2,164.18 1 0
snakealive/m/internal/services/sight/repository/repostory.go:148.16,150.3 1 0
snakealive/m/internal/services/sight/repository/repostory.go:154.18,157.54 2 0
snakealive/m/internal/services/sight/repository/repostory.go:161.3,161.27 1 0
snakealive/m/internal/services/sight/repository/repostory.go:157.54,159.4 1 0
snakealive/m/internal/services/sight/repository/repostory.go:170.19,175.2 1 0
snakealive/m/pkg/helpers/sql.go:11.112,13.16 2 0
snakealive/m/pkg/helpers/sql.go:16.2,18.43 2 0
snakealive/m/pkg/helpers/sql.go:13.16,15.3 1 0
snakealive/m/internal/services/auth/repository/repository.go:29.99,36.16 3 0
snakealive/m/internal/services/auth/repository/repository.go:40.2,40.18 1 0
snakealive/m/internal/services/auth/repository/repository.go:36.16,38.3 1 0
snakealive/m/internal/services/auth/repository/repository.go:43.98,48.59 4 0
snakealive/m/internal/services/auth/repository/repository.go:56.2,56.18 1 0
snakealive/m/internal/services/auth/repository/repository.go:48.59,49.27 1 0
snakealive/m/internal/services/auth/repository/repository.go:53.3,53.18 1 0
snakealive/m/internal/services/auth/repository/repository.go:49.27,51.4 1 0
snakealive/m/internal/services/auth/repository/repository.go:59.91,67.16 4 0
snakealive/m/internal/services/auth/repository/repository.go:75.2,75.18 1 0
snakealive/m/internal/services/auth/repository/repository.go:67.16,68.27 1 0
snakealive/m/internal/services/auth/repository/repository.go:72.3,72.18 1 0
snakealive/m/internal/services/auth/repository/repository.go:68.27,70.4 1 0
snakealive/m/internal/services/auth/repository/repository.go:78.99,82.43 3 0
snakealive/m/internal/services/auth/repository/repository.go:86.2,86.18 1 0
snakealive/m/internal/services/auth/repository/repository.go:82.43,84.3 1 0
snakealive/m/internal/services/auth/repository/repository.go:89.98,91.76 2 0
snakealive/m/internal/services/auth/repository/repository.go:95.2,95.12 1 0
snakealive/m/internal/services/auth/repository/repository.go:91.76,93.3 1 0
snakealive/m/internal/services/auth/repository/repository.go:98.95,101.91 3 0
snakealive/m/internal/services/auth/repository/repository.go:109.2,109.20 1 0
snakealive/m/internal/services/auth/repository/repository.go:101.91,102.27 1 0
snakealive/m/internal/services/auth/repository/repository.go:106.3,106.21 1 0
snakealive/m/internal/services/auth/repository/repository.go:102.27,104.4 1 0
snakealive/m/internal/services/auth/repository/repository.go:112.84,114.76 2 0
snakealive/m/internal/services/auth/repository/repository.go:118.2,118.12 1 0
snakealive/m/internal/services/auth/repository/repository.go:114.76,116.3 1 0
snakealive/m/internal/services/auth/repository/repository.go:121.89,123.16 2 0
snakealive/m/internal/services/auth/repository/repository.go:126.2,133.16 4 0
snakealive/m/internal/services/auth/repository/repository.go:137.2,137.19 1 0
snakealive/m/internal/services/auth/repository/repository.go:123.16,125.3 1 0
snakealive/m/internal/services/auth/repository/repository.go:133.16,135.3 1 0
snakealive/m/internal/services/auth/repository/repository.go:143.18,148.2 1 0
snakealive/m/internal/services/review/repository/repository.go:23.61,25.2 1 0
snakealive/m/internal/services/review/repository/repository.go:27.100,30.16 3 0
snakealive/m/internal/services/review/repository/repository.go:33.2,43.16 3 0
snakealive/m/internal/services/review/repository/repository.go:47.2,47.24 1 0
snakealive/m/internal/services/review/repository/repository.go:30.16,32.3 1 0
snakealive/m/internal/services/review/repository/repository.go:43.16,45.3 1 0
snakealive/m/internal/services/review/repository/repository.go:50.85,53.16 3 0
snakealive/m/internal/services/review/repository/repository.go:56.2,62.16 3 0
snakealive/m/internal/services/review/repository/repository.go:66.2,66.20 1 0
snakealive/m/internal/services/review/repository/repository.go:53.16,55.3 1 0
snakealive/m/internal/services/review/repository/repository.go:62.16,64.3 1 0
snakealive/m/internal/services/review/repository/repository.go:68.119,72.16 3 0
snakealive/m/internal/services/review/repository/repository.go:75.2,80.16 3 0
snakealive/m/internal/services/review/repository/repository.go:83.2,86.18 3 0
snakealive/m/internal/services/review/repository/repository.go:90.2,90.23 1 0
snakealive/m/internal/services/review/repository/repository.go:94.2,94.22 1 0
snakealive/m/internal/services/review/repository/repository.go:72.16,74.3 1 0
snakealive/m/internal/services/review/repository/repository.go:80.16,82.3 1 0
snakealive/m/internal/services/review/repository/repository.go:86.18,89.3 2 0
snakealive/m/internal/services/review/repository/repository.go:90.23,92.3 1 0
snakealive/m/internal/services/review/repository/repository.go:97.70,99.16 2 0
snakealive/m/internal/services/review/repository/repository.go:102.2,108.12 3 0
snakealive/m/internal/services/review/repository/repository.go:99.16,101.3 1 0
snakealive/m/internal/services/review/repository/repository.go:111.77,113.16 2 0
snakealive/m/internal/services/review/repository/repository.go:116.2,124.16 4 0
snakealive/m/internal/services/review/repository/repository.go:127.2,127.15 1 0
snakealive/m/internal/services/review/repository/repository.go:113.16,115.3 1 0
snakealive/m/internal/services/review/repository/repository.go:124.16,126.3 1 0
snakealive/m/internal/services/trip/delivery/delivery.go:23.127,28.2 1 0
snakealive/m/internal/services/trip/delivery/delivery.go:30.116,32.31 2 0
snakealive/m/internal/services/trip/delivery/delivery.go:36.2,38.16 2 0
snakealive/m/internal/services/trip/delivery/delivery.go:42.2,46.32 4 0
snakealive/m/internal/services/trip/delivery/delivery.go:50.2,57.8 1 0
snakealive/m/internal/services/trip/delivery/delivery.go:32.31,34.3 1 0
snakealive/m/internal/services/trip/delivery/delivery.go:38.16,40.3 1 0
snakealive/m/internal/services/trip/delivery/delivery.go:46.32,48.3 1 0
snakealive/m/internal/services/trip/delivery/delivery.go:60.122,70.16 3 0
snakealive/m/internal/services/trip/delivery/delivery.go:74.2,75.16 2 0
snakealive/m/internal/services/trip/delivery/delivery.go:79.2,83.32 4 0
snakealive/m/internal/services/trip/delivery/delivery.go:87.2,94.8 1 0
snakealive/m/internal/services/trip/delivery/delivery.go:70.16,72.3 1 0
snakealive/m/internal/services/trip/delivery/delivery.go:75.16,77.3 1 0
snakealive/m/internal/services/trip/delivery/delivery.go:83.32,85.3 1 0
snakealive/m/internal/services/trip/delivery/delivery.go:97.125,99.31 2 0
snakealive/m/internal/services/trip/delivery/delivery.go:103.2,111.16 3 0
snakealive/m/internal/services/trip/delivery/delivery.go:115.2,116.16 2 0
snakealive/m/internal/services/trip/delivery/delivery.go:120.2,124.32 4 0
snakealive/m/internal/services/trip/delivery/delivery.go:128.2,135.8 1 0
snakealive/m/internal/services/trip/delivery/delivery.go:99.31,101.3 1 0
snakealive/m/internal/services/trip/delivery/delivery.go:111.16,113.3 1 0
snakealive/m/internal/services/trip/delivery/delivery.go:116.16,118.3 1 0
snakealive/m/internal/services/trip/delivery/delivery.go:124.32,126.3 1 0
snakealive/m/internal/services/trip/delivery/delivery.go:138.120,140.31 2 0
snakealive/m/internal/services/trip/delivery/delivery.go:144.2,145.16 2 0
snakealive/m/internal/services/trip/delivery/delivery.go:149.2,150.32 2 0
snakealive/m/internal/services/trip/delivery/delivery.go:154.2,154.20 1 0
snakealive/m/internal/services/trip/delivery/delivery.go:140.31,142.3 1 0
snakealive/m/internal/services/trip/delivery/delivery.go:145.16,147.3 1 0
snakealive/m/internal/services/trip/delivery/delivery.go:150.32,152.3 1 0
snakealive/m/internal/services/trip/delivery/delivery.go:157.119,159.31 2 0
snakealive/m/internal/services/trip/delivery/delivery.go:163.2,164.16 2 0
snakealive/m/internal/services/trip/delivery/delivery.go:168.2,175.8 1 0
snakealive/m/internal/services/trip/delivery/delivery.go:159.31,161.3 1 0
snakealive/m/internal/services/trip/delivery/delivery.go:164.16,166.3 1 0
snakealive/m/internal/services/trip/delivery/delivery.go:178.125,187.16 2 0
snakealive/m/internal/services/trip/delivery/delivery.go:191.2,192.16 2 0
snakealive/m/internal/services/trip/delivery/delivery.go:196.2,202.8 1 0
snakealive/m/internal/services/trip/delivery/delivery.go:187.16,189.3 1 0
snakealive/m/internal/services/trip/delivery/delivery.go:192.16,194.3 1 0
snakealive/m/internal/services/trip/delivery/delivery.go:205.128,207.31 2 0
snakealive/m/internal/services/trip/delivery/delivery.go:211.2,218.16 2 0
snakealive/m/internal/services/trip/delivery/delivery.go:222.2,223.16 2 0
snakealive/m/internal/services/trip/delivery/delivery.go:227.2,234.8 1 0
snakealive/m/internal/services/trip/delivery/delivery.go:207.31,209.3 1 0
snakealive/m/internal/services/trip/delivery/delivery.go:218.16,220.3 1 0
snakealive/m/internal/services/trip/delivery/delivery.go:223.16,225.3 1 0
snakealive/m/internal/services/trip/delivery/delivery.go:237.115,239.31 2 0
snakealive/m/internal/services/trip/delivery/delivery.go:243.2,244.16 2 0
snakealive/m/internal/services/trip/delivery/delivery.go:248.2,248.28 1 0
snakealive/m/internal/services/trip/delivery/delivery.go:239.31,241.3 1 0
snakealive/m/internal/services/trip/delivery/delivery.go:244.16,246.3 1 0
snakealive/m/internal/services/trip/delivery/delivery.go:251.126,253.16 2 0
snakealive/m/internal/services/trip/delivery/delivery.go:257.2,258.30 2 0
snakealive/m/internal/services/trip/delivery/delivery.go:276.2,276.25 1 0
snakealive/m/internal/services/trip/delivery/delivery.go:253.16,255.3 1 0
snakealive/m/internal/services/trip/delivery/delivery.go:258.30,263.33 4 0
snakealive/m/internal/services/trip/delivery/delivery.go:267.3,274.5 1 0
snakealive/m/internal/services/trip/delivery/delivery.go:263.33,265.4 1 0
snakealive/m/internal/services/trip/delivery/delivery.go:279.125,281.16 2 0
snakealive/m/internal/services/trip/delivery/delivery.go:285.2,286.29 2 0
snakealive/m/internal/services/trip/delivery/delivery.go:290.2,292.8 1 0
snakealive/m/internal/services/trip/delivery/delivery.go:281.16,283.3 1 0
snakealive/m/internal/services/trip/delivery/delivery.go:286.29,288.3 1 0
snakealive/m/internal/services/trip/delivery/delivery.go:295.128,297.16 2 0
snakealive/m/internal/services/trip/delivery/delivery.go:301.2,302.34 2 0
snakealive/m/internal/services/trip/delivery/delivery.go:312.2,312.26 1 0
snakealive/m/internal/services/trip/delivery/delivery.go:297.16,299.3 1 0
snakealive/m/internal/services/trip/delivery/delivery.go:302.34,311.3 1 0
snakealive/m/internal/services/trip/delivery/delivery.go:316.121,318.31 2 0
snakealive/m/internal/services/trip/delivery/delivery.go:322.2,323.16 2 0
snakealive/m/internal/services/trip/delivery/delivery.go:327.2,327.28 1 0
snakealive/m/internal/services/trip/delivery/delivery.go:318.31,320.3 1 0
snakealive/m/internal/services/trip/delivery/delivery.go:323.16,325.3 1 0
snakealive/m/internal/services/trip/delivery/delivery.go:330.119,332.31 2 0
snakealive/m/internal/services/trip/delivery/delivery.go:336.2,338.44 2 0
snakealive/m/internal/services/trip/delivery/delivery.go:332.31,334.3 1 0
snakealive/m/internal/services/trip/delivery/delivery.go:341.128,344.16 3 0
snakealive/m/internal/services/trip/delivery/delivery.go:348.2,348.16 1 0
snakealive/m/internal/services/trip/delivery/delivery.go:354.2,354.70 1 0
snakealive/m/internal/services/trip/delivery/delivery.go:358.2,359.16 2 0
snakealive/m/internal/services/trip/delivery/delivery.go:363.2,365.8 1 0
snakealive/m/internal/services/trip/delivery/delivery.go:344.16,346.3 1 0
snakealive/m/internal/services/trip/delivery/delivery.go:348.16,352.3 1 0
snakealive/m/internal/services/trip/delivery/delivery.go:354.70,356.3 1 0
snakealive/m/internal/services/trip/delivery/delivery.go:359.16,361.3 1 0
snakealive/m/internal/services/trip/delivery/delivery.go:368.71,370.31 2 0
snakealive/m/internal/services/trip/delivery/delivery.go:391.2,391.18 1 0
snakealive/m/internal/services/trip/delivery/delivery.go:370.31,372.34 2 0
snakealive/m/internal/services/trip/delivery/delivery.go:379.3,389.45 2 0
snakealive/m/internal/services/trip/delivery/delivery.go:372.34,377.4 1 0
snakealive/m/internal/services/trip/delivery/delivery.go:394.71,396.31 2 0
snakealive/m/internal/services/trip/delivery/delivery.go:417.2,417.15 1 0
snakealive/m/internal/services/trip/delivery/delivery.go:396.31,398.34 2 0
snakealive/m/internal/services/trip/delivery/delivery.go:405.3,415.39 2 0
snakealive/m/internal/services/trip/delivery/delivery.go:398.34,403.4 1 0
snakealive/m/internal/services/trip/delivery/delivery.go:420.73,422.31 2 0
snakealive/m/internal/services/trip/delivery/delivery.go:431.2,431.20 1 0
snakealive/m/internal/services/trip/delivery/delivery.go:422.31,430.3 2 0
snakealive/m/internal/services/trip/delivery/delivery.go:434.78,436.36 2 0
snakealive/m/internal/services/trip/delivery/delivery.go:445.2,445.15 1 0
snakealive/m/internal/services/trip/delivery/delivery.go:436.36,444.3 2 0
snakealive/m/pkg/generator/generator.go:28.49,30.16 2 0
snakealive/m/pkg/generator/generator.go:34.2,34.25 1 0
snakealive/m/pkg/generator/generator.go:30.16,32.3 1 0
snakealive/m/pkg/generator/generator.go:37.57,39.2 1 0
snakealive/m/pkg/generator/generator.go:41.49,45.67 3 0
snakealive/m/pkg/generator/generator.go:57.2,57.20 1 0
snakealive/m/pkg/generator/generator.go:45.67,46.18 1 0
snakealive/m/pkg/generator/generator.go:49.3,49.64 1 0
snakealive/m/pkg/generator/generator.go:53.3,54.11 2 0
snakealive/m/pkg/generator/generator.go:46.18,48.4 1 0
snakealive/m/pkg/generator/generator.go:49.64,52.4 2 0
snakealive/m/internal/services/auth/repository/query_factory.go:23.73,30.2 1 0
snakealive/m/internal/services/auth/repository/query_factory.go:32.72,37.2 1 0
snakealive/m/internal/services/auth/repository/query_factory.go:39.65,44.2 1 0
snakealive/m/internal/services/auth/repository/query_factory.go:46.73,53.21 4 0
snakealive/m/internal/services/auth/repository/query_factory.go:58.2,58.24 1 0
snakealive/m/internal/services/auth/repository/query_factory.go:63.2,63.25 1 0
snakealive/m/internal/services/auth/repository/query_factory.go:68.2,68.22 1 0
snakealive/m/internal/services/auth/repository/query_factory.go:73.2,73.28 1 0
snakealive/m/internal/services/auth/repository/query_factory.go:78.2,78.22 1 0
snakealive/m/internal/services/auth/repository/query_factory.go:83.2,88.3 1 0
snakealive/m/internal/services/auth/repository/query_factory.go:53.21,57.3 3 0
snakealive/m/internal/services/auth/repository/query_factory.go:58.24,62.3 3 0
snakealive/m/internal/services/auth/repository/query_factory.go:63.25,67.3 3 0
snakealive/m/internal/services/auth/repository/query_factory.go:68.22,72.3 3 0
snakealive/m/internal/services/auth/repository/query_factory.go:73.28,77.3 3 0
snakealive/m/internal/services/auth/repository/query_factory.go:78.22,81.3 2 0
snakealive/m/internal/services/auth/repository/query_factory.go:91.88,96.2 1 0
snakealive/m/internal/services/auth/repository/query_factory.go:98.76,103.2 1 0
snakealive/m/internal/services/auth/repository/query_factory.go:105.74,110.2 1 0
snakealive/m/internal/services/auth/repository/query_factory.go:112.37,114.2 1 0
snakealive/m/internal/services/sight/repository/constants.go:40.38,42.2 1 0
snakealive/m/internal/services/sight/repository/constants.go:44.30,46.2 1 0
snakealive/m/internal/gateway/trip/delivery/delivery.go:41.23,46.2 1 0
snakealive/m/internal/gateway/trip/delivery/delivery.go:48.62,50.16 2 0
snakealive/m/internal/gateway/trip/delivery/delivery.go:55.2,58.16 3 0
snakealive/m/internal/gateway/trip/delivery/delivery.go:63.2,65.25 3 0
snakealive/m/internal/gateway/trip/delivery/delivery.go:50.16,53.3 2 0
snakealive/m/internal/gateway/trip/delivery/delivery.go:58.16,61.3 2 0
snakealive/m/internal/gateway/trip/delivery/delivery.go:68.65,72.61 3 0
snakealive/m/internal/gateway/trip/delivery/delivery.go:76.2,79.16 3 0
snakealive/m/internal/gateway/trip/delivery/delivery.go:84.2,85.16 2 0
snakealive/m/internal/gateway/trip/delivery/delivery.go:90.2,91.25 2 0
snakealive/m/internal/gateway/trip/delivery/delivery.go:72.61,75.3 2 0
snakealive/m/internal/gateway/trip/delivery/delivery.go:79.16,82.3 2 0
snakealive/m/internal/gateway/trip/delivery/delivery.go:85.16,88.3 2 0
snakealive/m/internal/gateway/trip/delivery/delivery.go:94.68,99.61 4 0
snakealive/m/internal/gateway/trip/delivery/delivery.go:104.2,105.16 2 0
snakealive/m/internal/gateway/trip/delivery/delivery.go:110.2,111.16 2 0
snakealive/m/internal/gateway/trip/delivery/delivery.go:116.2,117.25 2 0
snakealive/m/internal/gateway/trip/delivery/delivery.go:99.61,102.3 2 0
snakealive/m/internal/gateway/trip/delivery/delivery.go:105.16,108.3 2 0
snakealive/m/internal/gateway/trip/delivery/delivery.go:111.16,114.3 2 0
snakealive/m/internal/gateway/trip/delivery/delivery.go:120.68,125.16 4 0
snakealive/m/internal/gateway/trip/delivery/delivery.go:129.2,133.16 4 0
snakealive/m/internal/gateway/trip/delivery/delivery.go:136.2,136.25 1 0
snakealive/m/internal/gateway/trip/delivery/delivery.go:125.16,128.3 2 0
snakealive/m/internal/gateway/trip/delivery/delivery.go:133.16,135.3 1 0
snakealive/m/internal/gateway/trip/delivery/delivery.go:139.63,141.16 2 0
snakealive/m/internal/gateway/trip/delivery/delivery.go:146.2,149.16 3 0
snakealive/m/internal/gateway/trip/delivery/delivery.go:154.2,156.25 3 0
snakealive/m/internal/gateway/trip/delivery/delivery.go:141.16,144.3 2 0
snakealive/m/internal/gateway/trip/delivery/delivery.go:149.16,152.3 2 0
snakealive/m/internal/gateway/trip/delivery/delivery.go:159.66,163.62 3 0
snakealive/m/internal/gateway/trip/delivery/delivery.go:168.2,169.16 2 0
snakealive/m/internal/gateway/trip/delivery/delivery.go:174.2,176.25 3 0
snakealive/m/internal/gateway/trip/delivery/delivery.go:163.62,166.3 2 0
snakealive/m/internal/gateway/trip/delivery/delivery.go:169.16,172.3 2 0
snakealive/m/internal/gateway/trip/delivery/delivery.go:179.69,184.62 4 0
snakealive/m/internal/gateway/trip/delivery/delivery.go:189.2,190.16 2 0
snakealive/m/internal/gateway/trip/delivery/delivery.go:195.2,196.16 2 0
snakealive/m/internal/gateway/trip/delivery/delivery.go:201.2,202.25 2 0
snakealive/m/internal/gateway/trip/delivery/delivery.go:184.62,187.3 2 0
snakealive/m/internal/gateway/trip/delivery/delivery.go:190.16,193.3 2 0
snakealive/m/internal/gateway/trip/delivery/delivery.go:196.16,199.3 2 0
snakealive/m/internal/gateway/trip/delivery/delivery.go:205.69,210.16 4 0
snakealive/m/internal/gateway/trip/delivery/delivery.go:214.2,218.16 4 0
snakealive/m/internal/gateway/trip/delivery/delivery.go:221.2,221.25 1 0
snakealive/m/internal/gateway/trip/delivery/delivery.go:210.16,213.3 2 0
snakealive/m/internal/gateway/trip/delivery/delivery.go:218.16,220.3 1 0
snakealive/m/internal/gateway/trip/delivery/delivery.go:224.70,228.16 3 0
snakealive/m/internal/gateway/trip/delivery/delivery.go:233.2,234.16 2 0
snakealive/m/internal/gateway/trip/delivery/delivery.go:239.2,240.29 2 0
snakealive/m/internal/gateway/trip/delivery/delivery.go:228.16,231.3 2 0
snakealive/m/internal/gateway/trip/delivery/delivery.go:234.16,237.3 2 0
snakealive/m/internal/gateway/trip/delivery/delivery.go:243.69,247.16 3 0
snakealive/m/internal/gateway/trip/delivery/delivery.go:252.2,253.16 2 0
snakealive/m/internal/gateway/trip/delivery/delivery.go:258.2,259.29 2 0
snakealive/m/internal/gateway/trip/delivery/delivery.go:247.16,250.3 2 0
snakealive/m/internal/gateway/trip/delivery/delivery.go:253.16,256.3 2 0
snakealive/m/internal/gateway/trip/delivery/delivery.go:262.70,266.16 3 0
snakealive/m/internal/gateway/trip/delivery/delivery.go:271.2,272.16 2 0
snakealive/m/internal/gateway/trip/delivery/delivery.go:277.2,278.29 2 0
snakealive/m/internal/gateway/trip/delivery/delivery.go:266.16,269.3 2 0
snakealive/m/internal/gateway/trip/delivery/delivery.go:272.16,275.3 2 0
snakealive/m/internal/gateway/trip/delivery/delivery.go:281.69,286.61 4 0
snakealive/m/internal/gateway/trip/delivery/delivery.go:291.2,292.16 2 0
snakealive/m/internal/gateway/trip/delivery/delivery.go:296.2,300.16 4 0
snakealive/m/internal/gateway/trip/delivery/delivery.go:303.2,303.25 1 0
snakealive/m/internal/gateway/trip/delivery/delivery.go:286.61,289.3 2 0
snakealive/m/internal/gateway/trip/delivery/delivery.go:292.16,295.3 2 0
snakealive/m/internal/gateway/trip/delivery/delivery.go:300.16,302.3 1 0
snakealive/m/internal/gateway/trip/delivery/delivery.go:306.67,311.16 4 0
snakealive/m/internal/gateway/trip/delivery/delivery.go:316.2,317.16 2 0
snakealive/m/internal/gateway/trip/delivery/delivery.go:322.2,323.29 2 0
snakealive/m/internal/gateway/trip/delivery/delivery.go:311.16,314.3 2 0
snakealive/m/internal/gateway/trip/delivery/delivery.go:317.16,320.3 2 0
snakealive/m/internal/gateway/trip/delivery/delivery.go:326.71,333.16 5 0
snakealive/m/internal/gateway/trip/delivery/delivery.go:338.2,338.32 1 0
snakealive/m/internal/gateway/trip/delivery/delivery.go:333.16,336.3 2 0
snakealive/m/internal/services/auth/usecase/usecase.go:31.97,33.16 2 0
snakealive/m/internal/services/auth/usecase/usecase.go:37.2,38.27 2 0
snakealive/m/internal/services/auth/usecase/usecase.go:42.2,43.74 2 0
snakealive/m/internal/services/auth/usecase/usecase.go:47.2,50.8 1 0
snakealive/m/internal/services/auth/usecase/usecase.go:33.16,35.3 1 0
snakealive/m/internal/services/auth/usecase/usecase.go:38.27,40.3 1 0
snakealive/m/internal/services/auth/usecase/usecase.go:43.74,45.3 1 0
snakealive/m/internal/services/auth/usecase/usecase.go:53.95,55.16 2 0
snakealive/m/internal/services/auth/usecase/usecase.go:59.2,59.18 1 0
snakealive/m/internal/services/auth/usecase/usecase.go:55.16,57.3 1 0
snakealive/m/internal/services/auth/usecase/usecase.go:62.77,64.2 1 0
snakealive/m/internal/services/auth/usecase/usecase.go:66.91,68.2 1 0
snakealive/m/internal/services/auth/usecase/usecase.go:70.100,73.16 3 0
snakealive/m/internal/services/auth/usecase/usecase.go:77.2,78.70 2 0
snakealive/m/internal/services/auth/usecase/usecase.go:82.2,85.8 1 0
snakealive/m/internal/services/auth/usecase/usecase.go:73.16,75.3 1 0
snakealive/m/internal/services/auth/usecase/usecase.go:78.70,80.3 1 0
snakealive/m/internal/services/auth/usecase/usecase.go:88.84,90.2 1 0
snakealive/m/internal/services/auth/usecase/usecase.go:92.96,93.25 1 0
snakealive/m/internal/services/auth/usecase/usecase.go:97.2,97.37 1 0
snakealive/m/internal/services/auth/usecase/usecase.go:93.25,95.3 1 0
snakealive/m/internal/services/auth/usecase/usecase.go:100.86,102.2 1 0
snakealive/m/internal/services/auth/usecase/usecase.go:107.15,113.2 1 0
snakealive/m/internal/gateway/media/delivery/delivery.go:25.62,27.16 2 0
snakealive/m/internal/gateway/media/delivery/delivery.go:31.2,32.16 2 0
snakealive/m/internal/gateway/media/delivery/delivery.go:36.2,40.16 4 0
snakealive/m/internal/gateway/media/delivery/delivery.go:45.2,47.34 3 0
snakealive/m/internal/gateway/media/delivery/delivery.go:27.16,30.3 2 0
snakealive/m/internal/gateway/media/delivery/delivery.go:32.16,35.3 2 0
snakealive/m/internal/gateway/media/delivery/delivery.go:40.16,43.3 2 0
snakealive/m/internal/gateway/media/delivery/delivery.go:53.17,58.2 1 0
snakealive/m/internal/gateway/country/repository/repository.go:23.90,28.16 4 0
snakealive/m/internal/gateway/country/repository/repository.go:32.2,32.18 1 0
snakealive/m/internal/gateway/country/repository/repository.go:38.2,38.23 1 0
snakealive/m/internal/gateway/country/repository/repository.go:28.16,30.3 1 0
snakealive/m/internal/gateway/country/repository/repository.go:32.18,36.3 3 0
snakealive/m/internal/gateway/country/repository/repository.go:41.87,47.16 3 0
snakealive/m/internal/gateway/country/repository/repository.go:55.2,55.21 1 0
snakealive/m/internal/gateway/country/repository/repository.go:47.16,48.27 1 0
snakealive/m/internal/gateway/country/repository/repository.go:52.3,52.22 1 0
snakealive/m/internal/gateway/country/repository/repository.go:48.27,50.4 1 0
snakealive/m/internal/gateway/country/repository/repository.go:58.94,64.16 3 0
snakealive/m/internal/gateway/country/repository/repository.go:72.2,72.21 1 0
snakealive/m/internal/gateway/country/repository/repository.go:64.16,65.27 1 0
snakealive/m/internal/gateway/country/repository/repository.go:69.3,69.22 1 0
snakealive/m/internal/gateway/country/repository/repository.go:65.27,67.4 1 0
snakealive/m/internal/gateway/country/repository/repository.go:78.18,83.2 1 0
snakealive/m/pkg/hasher/hasher.go:21.52,24.2 2 0
snakealive/m/pkg/hasher/hasher.go:26.61,27.30 1 0
snakealive/m/pkg/hasher/hasher.go:31.2,32.27 2 0
snakealive/m/pkg/hasher/hasher.go:27.30,29.3 1 0
snakealive/m/pkg/hasher/hasher.go:35.38,40.2 1 0
snakealive/m/internal/gateway/sight/delivery/delivery.go:30.59,32.16 2 0
snakealive/m/internal/gateway/sight/delivery/delivery.go:39.2,41.16 3 0
snakealive/m/internal/gateway/sight/delivery/delivery.go:32.16,37.3 4 0
snakealive/m/internal/gateway/sight/delivery/delivery.go:44.65,46.16 2 0
snakealive/m/internal/gateway/sight/delivery/delivery.go:53.2,55.16 3 0
snakealive/m/internal/gateway/sight/delivery/delivery.go:46.16,51.3 4 0
snakealive/m/internal/gateway/sight/delivery/delivery.go:58.64,60.16 2 0
snakealive/m/internal/gateway/sight/delivery/delivery.go:65.2,66.16 2 0
snakealive/m/internal/gateway/sight/delivery/delivery.go:73.2,75.16 3 0
snakealive/m/internal/gateway/sight/delivery/delivery.go:60.16,63.3 2 0
snakealive/m/internal/gateway/sight/delivery/delivery.go:66.16,71.3 4 0
snakealive/m/internal/gateway/sight/delivery/delivery.go:78.69,80.13 2 0
snakealive/m/internal/gateway/sight/delivery/delivery.go:85.2,86.16 2 0
snakealive/m/internal/gateway/sight/delivery/delivery.go:93.2,95.16 3 0
snakealive/m/internal/gateway/sight/delivery/delivery.go:80.13,83.3 2 0
snakealive/m/internal/gateway/sight/delivery/delivery.go:86.16,91.3 4 0
snakealive/m/internal/gateway/sight/delivery/delivery.go:98.65,100.15 2 0
snakealive/m/internal/gateway/sight/delivery/delivery.go:104.2,105.16 2 0
snakealive/m/internal/gateway/sight/delivery/delivery.go:110.2,111.16 2 0
snakealive/m/internal/gateway/sight/delivery/delivery.go:118.2,120.16 3 0
snakealive/m/internal/gateway/sight/delivery/delivery.go:100.15,103.3 2 0
snakealive/m/internal/gateway/sight/delivery/delivery.go:105.16,108.3 2 0
snakealive/m/internal/gateway/sight/delivery/delivery.go:111.16,116.3 4 0
snakealive/m/internal/gateway/sight/delivery/delivery.go:123.64,125.69 2 0
snakealive/m/internal/gateway/sight/delivery/delivery.go:131.2,132.16 2 0
snakealive/m/internal/gateway/sight/delivery/delivery.go:139.2,141.16 3 0
snakealive/m/internal/gateway/sight/delivery/delivery.go:125.69,129.3 3 0
snakealive/m/internal/gateway/sight/delivery/delivery.go:132.16,137.3 4 0
snakealive/m/internal/gateway/sight/delivery/delivery.go:147.17,152.2 1 0
snakealive/m/internal/services/auth/delivery/delivery.go:20.139,22.16 2 0
snakealive/m/internal/services/auth/delivery/delivery.go:26.2,26.69 1 0
snakealive/m/internal/services/auth/delivery/delivery.go:22.16,24.3 1 0
snakealive/m/internal/services/auth/delivery/delivery.go:29.109,31.2 1 0
snakealive/m/internal/services/auth/delivery/delivery.go:33.128,38.16 2 0
snakealive/m/internal/services/auth/delivery/delivery.go:42.2,45.8 1 0
snakealive/m/internal/services/auth/delivery/delivery.go:38.16,40.3 1 0
snakealive/m/internal/services/auth/delivery/delivery.go:48.134,55.16 2 0
snakealive/m/internal/services/auth/delivery/delivery.go:59.2,62.8 1 0
snakealive/m/internal/services/auth/delivery/delivery.go:55.16,57.3 1 0
snakealive/m/internal/services/auth/delivery/delivery.go:65.130,67.16 2 0
snakealive/m/internal/services/auth/delivery/delivery.go:71.2,77.8 1 0
snakealive/m/internal/services/auth/delivery/delivery.go:67.16,69.3 1 0
snakealive/m/internal/services/auth/delivery/delivery.go:80.136,90.16 2 0
snakealive/m/internal/services/auth/delivery/delivery.go:94.2,100.8 1 0
snakealive/m/internal/services/auth/delivery/delivery.go:90.16,92.3 1 0
snakealive/m/internal/services/auth/delivery/delivery.go:103.127,105.16 2 0
snakealive/m/internal/services/auth/delivery/delivery.go:109.2,114.8 1 0
snakealive/m/internal/services/auth/delivery/delivery.go:105.16,107.3 1 0
snakealive/m/internal/services/auth/delivery/delivery.go:117.130,119.16 2 0
snakealive/m/internal/services/auth/delivery/delivery.go:123.2,123.51 1 0
snakealive/m/internal/services/auth/delivery/delivery.go:119.16,121.3 1 0
snakealive/m/internal/services/auth/delivery/delivery.go:129.34,134.2 1 0
snakealive/m/internal/gateway/country/usecase/usecase.go:20.90,22.2 1 0
snakealive/m/internal/gateway/country/usecase/usecase.go:24.87,26.2 1 0
snakealive/m/internal/gateway/country/usecase/usecase.go:28.94,30.2 1 0
snakealive/m/internal/gateway/country/usecase/usecase.go:32.78,34.2 1 0
snakealive/m/internal/gateway/review/delivery/delivery.go:29.25,34.2 1 0
snakealive/m/internal/gateway/review/delivery/delivery.go:36.74,38.16 2 0
snakealive/m/internal/gateway/review/delivery/delivery.go:43.2,44.16 2 0
snakealive/m/internal/gateway/review/delivery/delivery.go:48.2,49.16 2 0
snakealive/m/internal/gateway/review/delivery/delivery.go:53.2,54.16 2 0
snakealive/m/internal/gateway/review/delivery/delivery.go:59.2,61.25 3 0
snakealive/m/internal/gateway/review/delivery/delivery.go:38.16,41.3 2 0
snakealive/m/internal/gateway/review/delivery/delivery.go:44.16,46.3 1 0
snakealive/m/internal/gateway/review/delivery/delivery.go:49.16,51.3 1 0
snakealive/m/internal/gateway/review/delivery/delivery.go:54.16,57.3 2 0
snakealive/m/internal/gateway/review/delivery/delivery.go:63.76,68.63 3 0
snakealive/m/internal/gateway/review/delivery/delivery.go:73.2,74.16 2 0
snakealive/m/internal/gateway/review/delivery/delivery.go:79.2,81.25 3 0
snakealive/m/internal/gateway/review/delivery/delivery.go:68.63,71.3 2 0
snakealive/m/internal/gateway/review/delivery/delivery.go:74.16,77.3 2 0
snakealive/m/internal/gateway/review/delivery/delivery.go:83.69,85.16 2 0
snakealive/m/internal/gateway/review/delivery/delivery.go:90.2,93.16 3 0
snakealive/m/internal/gateway/review/delivery/delivery.go:97.2,97.38 1 0
snakealive/m/internal/gateway/review/delivery/delivery.go:85.16,88.3 2 0
snakealive/m/internal/gateway/review/delivery/delivery.go:93.16,96.3 2 0
snakealive/m/pkg/error_adapter/http_adapter.go:22.71,24.9 2 0
snakealive/m/pkg/error_adapter/http_adapter.go:28.2,30.12 3 0
snakealive/m/pkg/error_adapter/http_adapter.go:34.2,34.8 1 0
snakealive/m/pkg/error_adapter/http_adapter.go:24.9,26.3 1 0
snakealive/m/pkg/error_adapter/http_adapter.go:30.12,32.3 1 0
snakealive/m/pkg/error_adapter/http_adapter.go:37.98,42.2 1 0
snakealive/m/pkg/error_adapter/http_adapter.go:49.72,51.12 2 0
snakealive/m/pkg/error_adapter/http_adapter.go:55.2,55.16 1 0
snakealive/m/pkg/error_adapter/http_adapter.go:51.12,53.3 1 0
snakealive/m/pkg/error_adapter/http_adapter.go:61.15,66.2 1 0
snakealive/m/internal/gateway/media/usecase/usecase.go:26.117,33.17 2 0
snakealive/m/internal/gateway/media/usecase/usecase.go:37.2,37.45 1 0
snakealive/m/internal/gateway/media/usecase/usecase.go:33.17,35.3 1 0
snakealive/m/internal/gateway/media/usecase/usecase.go:42.51,50.2 1 0
snakealive/m/internal/gateway/sight/usecase/usecase.go:24.114,32.16 2 0
snakealive/m/internal/gateway/sight/usecase/usecase.go:36.2,37.40 2 0
snakealive/m/internal/gateway/sight/usecase/usecase.go:48.2,48.21 1 0
snakealive/m/internal/gateway/sight/usecase/usecase.go:32.16,34.3 1 0
snakealive/m/internal/gateway/sight/usecase/usecase.go:37.40,46.3 1 0
snakealive/m/internal/gateway/sight/usecase/usecase.go:51.96,53.16 2 0
snakealive/m/internal/gateway/sight/usecase/usecase.go:57.2,57.46 1 0
snakealive/m/internal/gateway/sight/usecase/usecase.go:53.16,55.3 1 0
snakealive/m/internal/gateway/sight/usecase/usecase.go:60.103,62.16 2 0
snakealive/m/internal/gateway/sight/usecase/usecase.go:66.2,67.25 2 0
snakealive/m/internal/gateway/sight/usecase/usecase.go:74.2,74.21 1 0
snakealive/m/internal/gateway/sight/usecase/usecase.go:62.16,64.3 1 0
snakealive/m/internal/gateway/sight/usecase/usecase.go:67.25,72.3 1 0
snakealive/m/internal/gateway/sight/usecase/usecase.go:77.75,79.16 2 0
snakealive/m/internal/gateway/sight/usecase/usecase.go:83.2,84.36 2 0
snakealive/m/internal/gateway/sight/usecase/usecase.go:91.2,91.18 1 0
snakealive/m/internal/gateway/sight/usecase/usecase.go:79.16,81.3 1 0
snakealive/m/internal/gateway/sight/usecase/usecase.go:84.36,89.3 1 0
snakealive/m/internal/gateway/sight/usecase/usecase.go:94.81,96.16 2 0
snakealive/m/internal/gateway/sight/usecase/usecase.go:100.2,101.36 2 0
snakealive/m/internal/gateway/sight/usecase/usecase.go:108.2,108.18 1 0
snakealive/m/internal/gateway/sight/usecase/usecase.go:96.16,98.3 1 0
snakealive/m/internal/gateway/sight/usecase/usecase.go:101.36,106.3 1 0
snakealive/m/internal/gateway/sight/usecase/usecase.go:111.93,113.16 2 0
snakealive/m/internal/gateway/sight/usecase/usecase.go:117.2,118.25 2 0
snakealive/m/internal/gateway/sight/usecase/usecase.go:125.2,125.21 1 0
snakealive/m/internal/gateway/sight/usecase/usecase.go:113.16,115.3 1 0
snakealive/m/internal/gateway/sight/usecase/usecase.go:118.25,123.3 1 0
snakealive/m/internal/gateway/sight/usecase/usecase.go:128.88,140.2 1 0
snakealive/m/internal/gateway/sight/usecase/usecase.go:142.58,144.2 1 0
snakealive/m/internal/services/trip/repository/repository.go:39.57,41.2 1 0
snakealive/m/internal/services/trip/repository/repository.go:43.100,47.16 3 0
snakealive/m/internal/services/trip/repository/repository.go:50.2,53.27 3 0
snakealive/m/internal/services/trip/repository/repository.go:59.2,65.16 2 0
snakealive/m/internal/services/trip/repository/repository.go:69.2,70.16 2 0
snakealive/m/internal/services/trip/repository/repository.go:74.2,75.20 2 0
snakealive/m/internal/services/trip/repository/repository.go:47.16,49.3 1 0
snakealive/m/internal/services/trip/repository/repository.go:53.27,55.3 1 0
snakealive/m/internal/services/trip/repository/repository.go:55.8,57.3 1 0
snakealive/m/internal/services/trip/repository/repository.go:65.16,67.3 1 0
snakealive/m/internal/services/trip/repository/repository.go:70.16,72.3 1 0
snakealive/m/internal/services/trip/repository/repository.go:78.89,82.16 3 0
snakealive/m/internal/services/trip/repository/repository.go:85.2,91.16 3 0
snakealive/m/internal/services/trip/repository/repository.go:95.2,98.16 2 0
snakealive/m/internal/services/trip/repository/repository.go:102.2,105.18 3 0
snakealive/m/internal/services/trip/repository/repository.go:117.2,120.16 2 0
snakealive/m/internal/services/trip/repository/repository.go:124.2,125.18 2 0
snakealive/m/internal/services/trip/repository/repository.go:130.2,131.16 2 0
snakealive/m/internal/services/trip/repository/repository.go:135.2,137.19 2 0
snakealive/m/internal/services/trip/repository/repository.go:82.16,84.3 1 0
snakealive/m/internal/services/trip/repository/repository.go:91.16,93.3 1 0
snakealive/m/internal/services/trip/repository/repository.go:98.16,100.3 1 0
snakealive/m/internal/services/trip/repository/repository.go:105.18,109.17 3 0
snakealive/m/internal/services/trip/repository/repository.go:113.3,114.43 2 0
snakealive/m/internal/services/trip/repository/repository.go:109.17,111.4 1 0
snakealive/m/internal/services/trip/repository/repository.go:120.16,122.3 1 0
snakealive/m/internal/services/trip/repository/repository.go:125.18,128.3 2 0
snakealive/m/internal/services/trip/repository/repository.go:131.16,133.3 1 0
snakealive/m/internal/services/trip/repository/repository.go:140.92,142.16 2 0
snakealive/m/internal/services/trip/repository/repository.go:145.2,154.50 3 0
snakealive/m/internal/services/trip/repository/repository.go:158.2,159.12 2 0
snakealive/m/internal/services/trip/repository/repository.go:142.16,144.3 1 0
snakealive/m/internal/services/trip/repository/repository.go:154.50,156.3 1 0
snakealive/m/internal/services/trip/repository/repository.go:162.81,164.16 2 0
snakealive/m/internal/services/trip/repository/repository.go:167.2,169.47 2 0
snakealive/m/internal/services/trip/repository/repository.go:173.2,174.16 2 0
snakealive/m/internal/services/trip/repository/repository.go:178.2,182.17 2 0
snakealive/m/internal/services/trip/repository/repository.go:164.16,166.3 1 0
snakealive/m/internal/services/trip/repository/repository.go:169.47,171.3 1 0
snakealive/m/internal/services/trip/repository/repository.go:174.16,176.3 1 0
snakealive/m/internal/services/trip/repository/repository.go:185.78,187.16 2 0
snakealive/m/internal/services/trip/repository/repository.go:190.2,196.12 3 0
snakealive/m/internal/services/trip/repository/repository.go:187.16,189.3 1 0
snakealive/m/internal/services/trip/repository/repository.go:199.97,201.16 2 0
snakealive/m/internal/services/trip/repository/repository.go:204.2,206.32 2 0
snakealive/m/internal/services/trip/repository/repository.go:215.2,215.12 1 0
snakealive/m/internal/services/trip/repository/repository.go:201.16,203.3 1 0
snakealive/m/internal/services/trip/repository/repository.go:206.32,214.3 1 0
snakealive/m/internal/services/trip/repository/repository.go:218.85,220.16 2 0
snakealive/m/internal/services/trip/repository/repository.go:223.2,228.16 3 0
snakealive/m/internal/services/trip/repository/repository.go:232.2,234.18 3 0
snakealive/m/internal/services/trip/repository/repository.go:238.2,238.17 1 0
snakealive/m/internal/services/trip/repository/repository.go:220.16,222.3 1 0
snakealive/m/internal/services/trip/repository/repository.go:228.16,230.3 1 0
snakealive/m/internal/services/trip/repository/repository.go:234.18,237.3 2 0
snakealive/m/internal/services/trip/repository/repository.go:241.94,243.16 2 0
snakealive/m/internal/services/trip/repository/repository.go:246.2,251.16 3 0
snakealive/m/internal/services/trip/repository/repository.go:255.2,257.18 3 0
snakealive/m/internal/services/trip/repository/repository.go:262.2,262.23 1 0
snakealive/m/internal/services/trip/repository/repository.go:304.2,304.20 1 0
snakealive/m/internal/services/trip/repository/repository.go:243.16,245.3 1 0
snakealive/m/internal/services/trip/repository/repository.go:251.16,253.3 1 0
snakealive/m/internal/services/trip/repository/repository.go:257.18,260.3 2 0
snakealive/m/internal/services/trip/repository/repository.go:262.23,266.17 2 0
snakealive/m/internal/services/trip/repository/repository.go:270.3,273.19 3 0
snakealive/m/internal/services/trip/repository/repository.go:285.3,288.17 2 0
snakealive/m/internal/services/trip/repository/repository.go:292.3,293.19 2 0
snakealive/m/internal/services/trip/repository/repository.go:298.3,299.17 2 0
snakealive/m/internal/services/trip/repository/repository.go:302.3,302.25 1 0
snakealive/m/internal/services/trip/repository/repository.go:266.17,268.4 1 0
snakealive/m/internal/services/trip/repository/repository.go:273.19,277.18 3 0
snakealive/m/internal/services/trip/repository/repository.go:280.4,282.52 2 0
snakealive/m/internal/services/trip/repository/repository.go:277.18,279.5 1 0
snakealive/m/internal/services/trip/repository/repository.go:288.17,290.4 1 0
snakealive/m/internal/services/trip/repository/repository.go:293.19,296.4 2 0
snakealive/m/internal/services/trip/repository/repository.go:299.17,301.4 1 0
snakealive/m/internal/services/trip/repository/repository.go:307.102,311.16 3 0
snakealive/m/internal/services/trip/repository/repository.go:314.2,325.21 3 0
snakealive/m/internal/services/trip/repository/repository.go:311.16,313.3 1 0
snakealive/m/internal/services/trip/repository/repository.go:328.91,332.16 3 0
snakealive/m/internal/services/trip/repository/repository.go:335.2,342.20 3 0
snakealive/m/internal/services/trip/repository/repository.go:332.16,334.3 1 0
snakealive/m/internal/services/trip/repository/repository.go:345.73,347.16 2 0
snakealive/m/internal/services/trip/repository/repository.go:350.2,356.12 3 0
snakealive/m/internal/services/trip/repository/repository.go:347.16,349.3 1 0
snakealive/m/internal/services/trip/repository/repository.go:359.94,361.16 2 0
snakealive/m/internal/services/trip/repository/repository.go:364.2,374.12 3 0
snakealive/m/internal/services/trip/repository/repository.go:361.16,363.3 1 0
snakealive/m/internal/services/trip/repository/repository.go:377.83,379.16 2 0
snakealive/m/internal/services/trip/repository/repository.go:382.2,390.16 4 0
snakealive/m/internal/services/trip/repository/repository.go:393.2,393.20 1 0
snakealive/m/internal/services/trip/repository/repository.go:379.16,381.3 1 0
snakealive/m/internal/services/trip/repository/repository.go:390.16,392.3 1 0
snakealive/m/internal/services/trip/repository/repository.go:396.84,398.16 2 0
snakealive/m/internal/services/trip/repository/repository.go:401.2,406.16 3 0
snakealive/m/internal/services/trip/repository/repository.go:410.2,412.18 3 0
snakealive/m/internal/services/trip/repository/repository.go:416.2,416.18 1 0
snakealive/m/internal/services/trip/repository/repository.go:398.16,400.3 1 0
snakealive/m/internal/services/trip/repository/repository.go:406.16,408.3 1 0
snakealive/m/internal/services/trip/repository/repository.go:412.18,415.3 2 0
snakealive/m/internal/services/trip/repository/repository.go:419.93,421.16 2 0
snakealive/m/internal/services/trip/repository/repository.go:424.2,429.16 3 0
snakealive/m/internal/services/trip/repository/repository.go:433.2,435.18 3 0
snakealive/m/internal/services/trip/repository/repository.go:439.2,439.21 1 0
snakealive/m/internal/services/trip/repository/repository.go:421.16,423.3 1 0
snakealive/m/internal/services/trip/repository/repository.go:429.16,431.3 1 0
snakealive/m/internal/services/trip/repository/repository.go:435.18,438.3 2 0
snakealive/m/internal/services/trip/repository/repository.go:442.89,444.16 2 0
snakealive/m/internal/services/trip/repository/repository.go:447.2,455.16 3 0
snakealive/m/internal/services/trip/repository/repository.go:458.2,458.12 1 0
snakealive/m/internal/services/trip/repository/repository.go:444.16,446.3 1 0
snakealive/m/internal/services/trip/repository/repository.go:455.16,457.3 1 0
snakealive/m/internal/services/trip/repository/repository.go:461.83,465.2 3 0
snakealive/m/internal/services/trip/repository/repository.go:467.83,471.27 3 0
snakealive/m/internal/services/trip/repository/repository.go:477.2,478.14 2 0
snakealive/m/internal/services/trip/repository/repository.go:471.27,475.3 3 0
snakealive/m/internal/services/trip/repository/repository.go:481.88,483.16 2 0
snakealive/m/internal/services/trip/repository/repository.go:486.2,490.26 4 0
snakealive/m/internal/services/trip/repository/repository.go:505.2,505.16 1 0
snakealive/m/internal/services/trip/repository/repository.go:508.2,508.18 1 0
snakealive/m/internal/services/trip/repository/repository.go:483.16,485.3 1 0
snakealive/m/internal/services/trip/repository/repository.go:490.26,495.17 2 0
snakealive/m/internal/services/trip/repository/repository.go:499.3,502.5 1 0
snakealive/m/internal/services/trip/repository/repository.go:495.17,497.4 1 0
snakealive/m/internal/services/trip/repository/repository.go:505.16,507.3 1 0
snakealive/m/internal/gateway/country/delivery/delivery.go:25.67,27.16 2 0
snakealive/m/internal/gateway/country/delivery/delivery.go:34.2,36.25 3 0
snakealive/m/internal/gateway/country/delivery/delivery.go:27.16,32.3 4 0
snakealive/m/internal/gateway/country/delivery/delivery.go:39.68,42.16 3 0
snakealive/m/internal/gateway/country/delivery/delivery.go:49.2,51.25 3 0
snakealive/m/internal/gateway/country/delivery/delivery.go:42.16,47.3 4 0
snakealive/m/internal/gateway/country/delivery/delivery.go:54.70,57.16 3 0
snakealive/m/internal/gateway/country/delivery/delivery.go:64.2,66.25 3 0
snakealive/m/internal/gateway/country/delivery/delivery.go:57.16,62.3 4 0
snakealive/m/internal/gateway/country/delivery/delivery.go:69.113,74.2 1 0
snakealive/m/internal/gateway/user/delivery/delivery.go:32.56,34.68 2 0
snakealive/m/internal/gateway/user/delivery/delivery.go:40.2,41.16 2 0
snakealive/m/internal/gateway/user/delivery/delivery.go:48.2,58.35 10 0
snakealive/m/internal/gateway/user/delivery/delivery.go:34.68,38.3 3 0
snakealive/m/internal/gateway/user/delivery/delivery.go:41.16,46.3 4 0
snakealive/m/internal/gateway/user/delivery/delivery.go:61.57,63.16 2 0
snakealive/m/internal/gateway/user/delivery/delivery.go:70.2,70.34 1 0
snakealive/m/internal/gateway/user/delivery/delivery.go:63.16,68.3 4 0
snakealive/m/internal/gateway/user/delivery/delivery.go:73.59,75.68 2 0
snakealive/m/internal/gateway/user/delivery/delivery.go:81.2,82.16 2 0
snakealive/m/internal/gateway/user/delivery/delivery.go:89.2,99.35 10 0
snakealive/m/internal/gateway/user/delivery/delivery.go:75.68,79.3 3 0
snakealive/m/internal/gateway/user/delivery/delivery.go:82.16,87.3 4 0
snakealive/m/internal/gateway/user/delivery/delivery.go:102.61,105.16 3 0
snakealive/m/internal/gateway/user/delivery/delivery.go:112.2,114.16 3 0
snakealive/m/internal/gateway/user/delivery/delivery.go:105.16,110.3 4 0
snakealive/m/internal/gateway/user/delivery/delivery.go:117.64,119.68 2 0
snakealive/m/internal/gateway/user/delivery/delivery.go:125.2,127.16 3 0
snakealive/m/internal/gateway/user/delivery/delivery.go:134.2,136.16 3 0
snakealive/m/internal/gateway/user/delivery/delivery.go:119.68,123.3 3 0
snakealive/m/internal/gateway/user/delivery/delivery.go:127.16,132.3 4 0
snakealive/m/internal/gateway/user/delivery/delivery.go:139.62,142.16 3 0
snakealive/m/internal/gateway/user/delivery/delivery.go:149.2,151.16 3 0
snakealive/m/internal/gateway/user/delivery/delivery.go:142.16,147.3 4 0
snakealive/m/internal/gateway/user/delivery/delivery.go:157.16,162.2 1 0
snakealive/m/internal/services/sight/usecase/usecase.go:27.75,29.2 1 0
snakealive/m/internal/services/sight/usecase/usecase.go:31.81,33.16 2 0
snakealive/m/internal/services/sight/usecase/usecase.go:36.2,36.44 1 0
snakealive/m/internal/services/sight/usecase/usecase.go:40.2,41.71 2 0
snakealive/m/internal/services/sight/usecase/usecase.go:45.2,45.20 1 0
snakealive/m/internal/services/sight/usecase/usecase.go:33.16,35.3 1 0
snakealive/m/internal/services/sight/usecase/usecase.go:36.44,38.3 1 0
snakealive/m/internal/services/sight/usecase/usecase.go:41.71,43.3 1 0
snakealive/m/internal/services/sight/usecase/usecase.go:48.119,50.2 1 0
snakealive/m/internal/services/sight/usecase/usecase.go:52.97,54.2 1 0
snakealive/m/internal/services/sight/usecase/usecase.go:56.104,58.2 1 0
snakealive/m/internal/services/sight/usecase/usecase.go:60.88,62.2 1 0
snakealive/m/internal/services/sight/usecase/usecase.go:64.94,66.2 1 0
snakealive/m/internal/services/sight/usecase/usecase.go:68.68,70.2 1 0
snakealive/m/internal/gateway/trip/usecase/usecase.go:41.102,47.2 1 0
snakealive/m/internal/gateway/trip/usecase/usecase.go:49.125,64.16 4 0
snakealive/m/internal/gateway/trip/usecase/usecase.go:68.2,71.16 4 0
snakealive/m/internal/gateway/trip/usecase/usecase.go:75.2,82.8 1 0
snakealive/m/internal/gateway/trip/usecase/usecase.go:64.16,66.3 1 0
snakealive/m/internal/gateway/trip/usecase/usecase.go:71.16,73.3 1 0
snakealive/m/internal/gateway/trip/usecase/usecase.go:85.121,90.16 2 0
snakealive/m/internal/gateway/trip/usecase/usecase.go:94.2,94.22 1 0
snakealive/m/internal/gateway/trip/usecase/usecase.go:98.2,101.16 4 0
snakealive/m/internal/gateway/trip/usecase/usecase.go:105.2,112.8 1 0
snakealive/m/internal/gateway/trip/usecase/usecase.go:90.16,92.3 1 0
snakealive/m/internal/gateway/trip/usecase/usecase.go:94.22,96.3 1 0
snakealive/m/internal/gateway/trip/usecase/usecase.go:101.16,103.3 1 0
snakealive/m/internal/gateway/trip/usecase/usecase.go:115.97,120.16 2 0
snakealive/m/internal/gateway/trip/usecase/usecase.go:124.2,125.38 2 0
snakealive/m/internal/gateway/trip/usecase/usecase.go:129.2,129.19 1 0
snakealive/m/internal/gateway/trip/usecase/usecase.go:120.16,122.3 1 0
snakealive/m/internal/gateway/trip/usecase/usecase.go:125.38,127.3 1 0
snakealive/m/internal/gateway/trip/usecase/usecase.go:132.142,147.16 4 0
snakealive/m/internal/gateway/trip/usecase/usecase.go:151.2,154.16 4 0
snakealive/m/internal/gateway/trip/usecase/usecase.go:158.2,165.8 1 0
snakealive/m/internal/gateway/trip/usecase/usecase.go:147.16,149.3 1 0
snakealive/m/internal/gateway/trip/usecase/usecase.go:154.16,156.3 1 0
snakealive/m/internal/gateway/trip/usecase/usecase.go:168.116,183.16 3 0
snakealive/m/internal/gateway/trip/usecase/usecase.go:187.2,193.8 1 0
snakealive/m/internal/gateway/trip/usecase/usecase.go:183.16,185.3 1 0
snakealive/m/internal/gateway/trip/usecase/usecase.go:196.107,201.16 2 0
snakealive/m/internal/gateway/trip/usecase/usecase.go:205.2,205.22 1 0
snakealive/m/internal/gateway/trip/usecase/usecase.go:209.2,216.8 1 0
snakealive/m/internal/gateway/trip/usecase/usecase.go:201.16,203.3 1 0
snakealive/m/internal/gateway/trip/usecase/usecase.go:205.22,207.3 1 0
snakealive/m/internal/gateway/trip/usecase/usecase.go:219.89,225.2 2 0
snakealive/m/internal/gateway/trip/usecase/usecase.go:227.134,241.16 3 0
snakealive/m/internal/gateway/trip/usecase/usecase.go:245.2,252.8 1 0
snakealive/m/internal/gateway/trip/usecase/usecase.go:241.16,243.3 1 0
snakealive/m/internal/gateway/trip/usecase/usecase.go:255.101,259.16 2 0
snakealive/m/internal/gateway/trip/usecase/usecase.go:263.2,264.16 2 0
snakealive/m/internal/gateway/trip/usecase/usecase.go:268.2,269.38 2 0
snakealive/m/internal/gateway/trip/usecase/usecase.go:277.2,277.22 1 0
snakealive/m/internal/gateway/trip/usecase/usecase.go:259.16,261.3 1 0
snakealive/m/internal/gateway/trip/usecase/usecase.go:264.16,266.3 1 0
snakealive/m/internal/gateway/trip/usecase/usecase.go:269.38,275.3 1 0
snakealive/m/internal/gateway/trip/usecase/usecase.go:280.110,282.16 2 0
snakealive/m/internal/gateway/trip/usecase/usecase.go:286.2,287.40 2 0
snakealive/m/internal/gateway/trip/usecase/usecase.go:306.2,306.20 1 0
snakealive/m/internal/gateway/trip/usecase/usecase.go:282.16,284.3 1 0
snakealive/m/internal/gateway/trip/usecase/usecase.go:287.40,292.17 4 0
snakealive/m/internal/gateway/trip/usecase/usecase.go:296.3,303.5 1 0
snakealive/m/internal/gateway/trip/usecase/usecase.go:292.17,294.4 1 0
snakealive/m/internal/gateway/trip/usecase/usecase.go:309.100,311.16 2 0
snakealive/m/internal/gateway/trip/usecase/usecase.go:315.2,316.43 2 0
snakealive/m/internal/gateway/trip/usecase/usecase.go:326.2,326.21 1 0
snakealive/m/internal/gateway/trip/usecase/usecase.go:311.16,313.3 1 0
snakealive/m/internal/gateway/trip/usecase/usecase.go:316.43,325.3 1 0
snakealive/m/internal/gateway/trip/usecase/usecase.go:329.107,331.16 2 0
snakealive/m/internal/gateway/trip/usecase/usecase.go:335.2,340.12 2 0
snakealive/m/internal/gateway/trip/usecase/usecase.go:331.16,333.3 1 0
snakealive/m/internal/gateway/trip/usecase/usecase.go:343.101,348.16 2 0
snakealive/m/internal/gateway/trip/usecase/usecase.go:352.2,352.23 1 0
snakealive/m/internal/gateway/trip/usecase/usecase.go:348.16,350.3 1 0
snakealive/m/internal/gateway/trip/usecase/usecase.go:355.118,364.16 2 0
snakealive/m/internal/gateway/trip/usecase/usecase.go:368.2,368.27 1 0
snakealive/m/internal/gateway/trip/usecase/usecase.go:364.16,366.3 1 0
snakealive/m/internal/gateway/trip/usecase/usecase.go:371.104,373.25 2 0
snakealive/m/internal/gateway/trip/usecase/usecase.go:386.2,386.20 1 0
snakealive/m/internal/gateway/trip/usecase/usecase.go:373.25,375.17 2 0
snakealive/m/internal/gateway/trip/usecase/usecase.go:379.3,384.5 1 0
snakealive/m/internal/gateway/trip/usecase/usecase.go:375.17,377.4 1 0
snakealive/m/internal/gateway/trip/usecase/usecase.go:389.71,391.31 2 0
snakealive/m/internal/gateway/trip/usecase/usecase.go:412.2,412.18 1 0
snakealive/m/internal/gateway/trip/usecase/usecase.go:391.31,393.34 2 0
snakealive/m/internal/gateway/trip/usecase/usecase.go:400.3,410.45 2 0
snakealive/m/internal/gateway/trip/usecase/usecase.go:393.34,398.4 1 0
snakealive/m/internal/gateway/trip/usecase/usecase.go:415.71,417.31 2 0
snakealive/m/internal/gateway/trip/usecase/usecase.go:438.2,438.15 1 0
snakealive/m/internal/gateway/trip/usecase/usecase.go:417.31,419.34 2 0
snakealive/m/internal/gateway/trip/usecase/usecase.go:426.3,436.39 2 0
snakealive/m/internal/gateway/trip/usecase/usecase.go:419.34,424.4 1 0
snakealive/m/internal/gateway/trip/usecase/usecase.go:441.73,443.31 2 0
snakealive/m/internal/gateway/trip/usecase/usecase.go:452.2,452.20 1 0
snakealive/m/internal/gateway/trip/usecase/usecase.go:443.31,451.3 2 0
snakealive/m/internal/gateway/trip/usecase/usecase.go:455.78,457.36 2 0
snakealive/m/internal/gateway/trip/usecase/usecase.go:466.2,466.15 1 0
snakealive/m/internal/gateway/trip/usecase/usecase.go:457.36,465.3 2 0
snakealive/m/pkg/middlewares/http/validation.go:25.14,28.71 2 0
snakealive/m/pkg/middlewares/http/validation.go:28.71,29.41 1 0
snakealive/m/pkg/middlewares/http/validation.go:29.41,30.64 1 0
snakealive/m/pkg/middlewares/http/validation.go:39.4,39.16 1 0
snakealive/m/pkg/middlewares/http/validation.go:30.64,37.5 5 0
snakealive/m/pkg/middlewares/http/validation.go:44.82,49.16 2 0
snakealive/m/pkg/middlewares/http/validation.go:53.2,54.12 2 0
snakealive/m/pkg/middlewares/http/validation.go:49.16,51.3 1 0
snakealive/m/internal/gateway/user/usecase/usecase.go:24.109,29.16 2 0
snakealive/m/internal/gateway/user/usecase/usecase.go:33.2,36.8 1 0
snakealive/m/internal/gateway/user/usecase/usecase.go:29.16,31.3 1 0
snakealive/m/internal/gateway/user/usecase/usecase.go:39.115,46.16 2 0
snakealive/m/internal/gateway/user/usecase/usecase.go:50.2,53.8 1 0
snakealive/m/internal/gateway/user/usecase/usecase.go:46.16,48.3 1 0
snakealive/m/internal/gateway/user/usecase/usecase.go:56.72,61.16 2 0
snakealive/m/internal/gateway/user/usecase/usecase.go:65.2,65.12 1 0
snakealive/m/internal/gateway/user/usecase/usecase.go:61.16,63.3 1 0
snakealive/m/internal/gateway/user/usecase/usecase.go:68.89,70.16 2 0
snakealive/m/internal/gateway/user/usecase/usecase.go:74.2,81.8 1 0
snakealive/m/internal/gateway/user/usecase/usecase.go:70.16,72.3 1 0
snakealive/m/internal/gateway/user/usecase/usecase.go:84.133,94.16 2 0
snakealive/m/internal/gateway/user/usecase/usecase.go:98.2,105.8 1 0
snakealive/m/internal/gateway/user/usecase/usecase.go:94.16,96.3 1 0
snakealive/m/internal/gateway/user/usecase/usecase.go:108.89,110.16 2 0
snakealive/m/internal/gateway/user/usecase/usecase.go:114.2,119.8 1 0
snakealive/m/internal/gateway/user/usecase/usecase.go:110.16,112.3 1 0
snakealive/m/internal/gateway/user/usecase/usecase.go:122.48,124.2 1 0
snakealive/m/internal/gateway/review/usecase/usecase.go:29.68,31.2 1 0
snakealive/m/internal/gateway/review/usecase/usecase.go:33.116,46.16 3 0
snakealive/m/internal/gateway/review/usecase/usecase.go:50.2,56.8 1 0
snakealive/m/internal/gateway/review/usecase/usecase.go:46.16,48.3 1 0
snakealive/m/internal/gateway/review/usecase/usecase.go:59.86,65.2 2 0
snakealive/m/internal/gateway/review/usecase/usecase.go:67.132,73.16 2 0
snakealive/m/internal/gateway/review/usecase/usecase.go:77.2,80.41 3 0
snakealive/m/internal/gateway/review/usecase/usecase.go:90.2,90.27 1 0
snakealive/m/internal/gateway/review/usecase/usecase.go:73.16,75.3 1 0
snakealive/m/internal/gateway/review/usecase/usecase.go:80.41,89.3 2 0
snakealive/m/internal/services/auth/repository/repository.go:29.99,36.16 3 0
snakealive/m/internal/services/auth/repository/repository.go:40.2,40.18 1 0
snakealive/m/internal/services/auth/repository/repository.go:36.16,38.3 1 0
snakealive/m/internal/services/auth/repository/repository.go:43.98,48.59 4 0
snakealive/m/internal/services/auth/repository/repository.go:56.2,56.18 1 0
snakealive/m/internal/services/auth/repository/repository.go:48.59,49.27 1 0
snakealive/m/internal/services/auth/repository/repository.go:53.3,53.18 1 0
snakealive/m/internal/services/auth/repository/repository.go:49.27,51.4 1 0
snakealive/m/internal/services/auth/repository/repository.go:59.91,67.16 4 0
snakealive/m/internal/services/auth/repository/repository.go:75.2,75.18 1 0
snakealive/m/internal/services/auth/repository/repository.go:67.16,68.27 1 0
snakealive/m/internal/services/auth/repository/repository.go:72.3,72.18 1 0
snakealive/m/internal/services/auth/repository/repository.go:68.27,70.4 1 0
snakealive/m/internal/services/auth/repository/repository.go:78.99,82.43 3 0
snakealive/m/internal/services/auth/repository/repository.go:86.2,86.18 1 0
snakealive/m/internal/services/auth/repository/repository.go:82.43,84.3 1 0
snakealive/m/internal/services/auth/repository/repository.go:89.98,91.76 2 0
snakealive/m/internal/services/auth/repository/repository.go:95.2,95.12 1 0
snakealive/m/internal/services/auth/repository/repository.go:91.76,93.3 1 0
snakealive/m/internal/services/auth/repository/repository.go:98.95,101.91 3 0
snakealive/m/internal/services/auth/repository/repository.go:109.2,109.20 1 0
snakealive/m/internal/services/auth/repository/repository.go:101.91,102.27 1 0
snakealive/m/internal/services/auth/repository/repository.go:106.3,106.21 1 0
snakealive/m/internal/services/auth/repository/repository.go:102.27,104.4 1 0
snakealive/m/internal/services/auth/repository/repository.go:112.84,114.76 2 0
snakealive/m/internal/services/auth/repository/repository.go:118.2,118.12 1 0
snakealive/m/internal/services/auth/repository/repository.go:114.76,116.3 1 0
snakealive/m/internal/services/auth/repository/repository.go:121.89,123.16 2 0
snakealive/m/internal/services/auth/repository/repository.go:126.2,133.16 4 0
snakealive/m/internal/services/auth/repository/repository.go:137.2,137.19 1 0
snakealive/m/internal/services/auth/repository/repository.go:123.16,125.3 1 0
snakealive/m/internal/services/auth/repository/repository.go:133.16,135.3 1 0
snakealive/m/internal/services/auth/repository/repository.go:143.18,148.2 1 0
snakealive/m/pkg/helpers/sql.go:11.112,13.16 2 0
snakealive/m/pkg/helpers/sql.go:16.2,18.43 2 0
snakealive/m/pkg/helpers/sql.go:13.16,15.3 1 0
snakealive/m/internal/gateway/country/repository/query_factory.go:13.62,18.2 1 0
snakealive/m/internal/gateway/country/repository/query_factory.go:20.66,25.2 1 0
snakealive/m/internal/gateway/country/repository/query_factory.go:27.73,32.2 1 0
snakealive/m/internal/gateway/country/repository/query_factory.go:34.37,36.2 1 0
snakealive/m/internal/services/trip/repository/repository.go:39.57,41.2 1 0
snakealive/m/internal/services/trip/repository/repository.go:43.100,47.16 3 0
snakealive/m/internal/services/trip/repository/repository.go:50.2,53.27 3 0
snakealive/m/internal/services/trip/repository/repository.go:59.2,65.16 2 0
snakealive/m/internal/services/trip/repository/repository.go:69.2,70.16 2 0
snakealive/m/internal/services/trip/repository/repository.go:74.2,75.20 2 0
snakealive/m/internal/services/trip/repository/repository.go:47.16,49.3 1 0
snakealive/m/internal/services/trip/repository/repository.go:53.27,55.3 1 0
snakealive/m/internal/services/trip/repository/repository.go:55.8,57.3 1 0
snakealive/m/internal/services/trip/repository/repository.go:65.16,67.3 1 0
snakealive/m/internal/services/trip/repository/repository.go:70.16,72.3 1 0
snakealive/m/internal/services/trip/repository/repository.go:78.89,82.16 3 0
snakealive/m/internal/services/trip/repository/repository.go:85.2,91.16 3 0
snakealive/m/internal/services/trip/repository/repository.go:95.2,98.16 2 0
snakealive/m/internal/services/trip/repository/repository.go:102.2,105.18 3 0
snakealive/m/internal/services/trip/repository/repository.go:117.2,120.16 2 0
snakealive/m/internal/services/trip/repository/repository.go:124.2,125.18 2 0
snakealive/m/internal/services/trip/repository/repository.go:130.2,131.16 2 0
snakealive/m/internal/services/trip/repository/repository.go:135.2,137.19 2 0
snakealive/m/internal/services/trip/repository/repository.go:82.16,84.3 1 0
snakealive/m/internal/services/trip/repository/repository.go:91.16,93.3 1 0
snakealive/m/internal/services/trip/repository/repository.go:98.16,100.3 1 0
snakealive/m/internal/services/trip/repository/repository.go:105.18,109.17 3 0
snakealive/m/internal/services/trip/repository/repository.go:113.3,114.43 2 0
snakealive/m/internal/services/trip/repository/repository.go:109.17,111.4 1 0
snakealive/m/internal/services/trip/repository/repository.go:120.16,122.3 1 0
snakealive/m/internal/services/trip/repository/repository.go:125.18,128.3 2 0
snakealive/m/internal/services/trip/repository/repository.go:131.16,133.3 1 0
snakealive/m/internal/services/trip/repository/repository.go:140.92,142.16 2 0
snakealive/m/internal/services/trip/repository/repository.go:145.2,154.50 3 0
snakealive/m/internal/services/trip/repository/repository.go:158.2,159.12 2 0
snakealive/m/internal/services/trip/repository/repository.go:142.16,144.3 1 0
snakealive/m/internal/services/trip/repository/repository.go:154.50,156.3 1 0
snakealive/m/internal/services/trip/repository/repository.go:162.81,164.16 2 0
snakealive/m/internal/services/trip/repository/repository.go:167.2,169.47 2 0
snakealive/m/internal/services/trip/repository/repository.go:173.2,174.16 2 0
snakealive/m/internal/services/trip/repository/repository.go:178.2,182.17 2 0
snakealive/m/internal/services/trip/repository/repository.go:164.16,166.3 1 0
snakealive/m/internal/services/trip/repository/repository.go:169.47,171.3 1 0
snakealive/m/internal/services/trip/repository/repository.go:174.16,176.3 1 0
snakealive/m/internal/services/trip/repository/repository.go:185.78,187.16 2 0
snakealive/m/internal/services/trip/repository/repository.go:190.2,196.12 3 0
snakealive/m/internal/services/trip/repository/repository.go:187.16,189.3 1 0
snakealive/m/internal/services/trip/repository/repository.go:199.97,201.16 2 0
snakealive/m/internal/services/trip/repository/repository.go:204.2,206.32 2 0
snakealive/m/internal/services/trip/repository/repository.go:215.2,215.12 1 0
snakealive/m/internal/services/trip/repository/repository.go:201.16,203.3 1 0
snakealive/m/internal/services/trip/repository/repository.go:206.32,214.3 1 0
snakealive/m/internal/services/trip/repository/repository.go:218.85,220.16 2 0
snakealive/m/internal/services/trip/repository/repository.go:223.2,228.16 3 0
snakealive/m/internal/services/trip/repository/repository.go:232.2,234.18 3 0
snakealive/m/internal/services/trip/repository/repository.go:238.2,238.17 1 0
snakealive/m/internal/services/trip/repository/repository.go:220.16,222.3 1 0
snakealive/m/internal/services/trip/repository/repository.go:228.16,230.3 1 0
snakealive/m/internal/services/trip/repository/repository.go:234.18,237.3 2 0
snakealive/m/internal/services/trip/repository/repository.go:241.94,243.16 2 0
snakealive/m/internal/services/trip/repository/repository.go:246.2,251.16 3 0
snakealive/m/internal/services/trip/repository/repository.go:255.2,257.18 3 0
snakealive/m/internal/services/trip/repository/repository.go:262.2,262.23 1 0
snakealive/m/internal/services/trip/repository/repository.go:304.2,304.20 1 0
snakealive/m/internal/services/trip/repository/repository.go:243.16,245.3 1 0
snakealive/m/internal/services/trip/repository/repository.go:251.16,253.3 1 0
snakealive/m/internal/services/trip/repository/repository.go:257.18,260.3 2 0
snakealive/m/internal/services/trip/repository/repository.go:262.23,266.17 2 0
snakealive/m/internal/services/trip/repository/repository.go:270.3,273.19 3 0
snakealive/m/internal/services/trip/repository/repository.go:285.3,288.17 2 0
snakealive/m/internal/services/trip/repository/repository.go:292.3,293.19 2 0
snakealive/m/internal/services/trip/repository/repository.go:298.3,299.17 2 0
snakealive/m/internal/services/trip/repository/repository.go:302.3,302.25 1 0
snakealive/m/internal/services/trip/repository/repository.go:266.17,268.4 1 0
snakealive/m/internal/services/trip/repository/repository.go:273.19,277.18 3 0
snakealive/m/internal/services/trip/repository/repository.go:280.4,282.52 2 0
snakealive/m/internal/services/trip/repository/repository.go:277.18,279.5 1 0
snakealive/m/internal/services/trip/repository/repository.go:288.17,290.4 1 0
snakealive/m/internal/services/trip/repository/repository.go:293.19,296.4 2 0
snakealive/m/internal/services/trip/repository/repository.go:299.17,301.4 1 0
snakealive/m/internal/services/trip/repository/repository.go:307.102,311.16 3 0
snakealive/m/internal/services/trip/repository/repository.go:314.2,325.21 3 0
snakealive/m/internal/services/trip/repository/repository.go:311.16,313.3 1 0
snakealive/m/internal/services/trip/repository/repository.go:328.91,332.16 3 0
snakealive/m/internal/services/trip/repository/repository.go:335.2,342.20 3 0
snakealive/m/internal/services/trip/repository/repository.go:332.16,334.3 1 0
snakealive/m/internal/services/trip/repository/repository.go:345.73,347.16 2 0
snakealive/m/internal/services/trip/repository/repository.go:350.2,356.12 3 0
snakealive/m/internal/services/trip/repository/repository.go:347.16,349.3 1 0
snakealive/m/internal/services/trip/repository/repository.go:359.94,361.16 2 0
snakealive/m/internal/services/trip/repository/repository.go:364.2,374.12 3 0
snakealive/m/internal/services/trip/repository/repository.go:361.16,363.3 1 0
snakealive/m/internal/services/trip/repository/repository.go:377.83,379.16 2 0
snakealive/m/internal/services/trip/repository/repository.go:382.2,390.16 4 0
snakealive/m/internal/services/trip/repository/repository.go:393.2,393.20 1 0
snakealive/m/internal/services/trip/repository/repository.go:379.16,381.3 1 0
snakealive/m/internal/services/trip/repository/repository.go:390.16,392.3 1 0
snakealive/m/internal/services/trip/repository/repository.go:396.84,398.16 2 0
snakealive/m/internal/services/trip/repository/repository.go:401.2,406.16 3 0
snakealive/m/internal/services/trip/repository/repository.go:410.2,412.18 3 0
snakealive/m/internal/services/trip/repository/repository.go:416.2,416.18 1 0
snakealive/m/internal/services/trip/repository/repository.go:398.16,400.3 1 0
snakealive/m/internal/services/trip/repository/repository.go:406.16,408.3 1 0
snakealive/m/internal/services/trip/repository/repository.go:412.18,415.3 2 0
snakealive/m/internal/services/trip/repository/repository.go:419.93,421.16 2 0
snakealive/m/internal/services/trip/repository/repository.go:424.2,429.16 3 0
snakealive/m/internal/services/trip/repository/repository.go:433.2,435.18 3 0
snakealive/m/internal/services/trip/repository/repository.go:439.2,439.21 1 0
snakealive/m/internal/services/trip/repository/repository.go:421.16,423.3 1 0
snakealive/m/internal/services/trip/repository/repository.go:429.16,431.3 1 0
snakealive/m/internal/services/trip/repository/repository.go:435.18,438.3 2 0
snakealive/m/internal/services/trip/repository/repository.go:442.89,444.16 2 0
snakealive/m/internal/services/trip/repository/repository.go:447.2,455.16 3 0
snakealive/m/internal/services/trip/repository/repository.go:458.2,458.12 1 0
snakealive/m/internal/services/trip/repository/repository.go:444.16,446.3 1 0
snakealive/m/internal/services/trip/repository/repository.go:455.16,457.3 1 0
snakealive/m/internal/services/trip/repository/repository.go:461.83,465.2 3 0
snakealive/m/internal/services/trip/repository/repository.go:467.83,471.27 3 0
snakealive/m/internal/services/trip/repository/repository.go:477.2,478.14 2 0
snakealive/m/internal/services/trip/repository/repository.go:471.27,475.3 3 0
snakealive/m/internal/services/trip/repository/repository.go:481.88,483.16 2 0
snakealive/m/internal/services/trip/repository/repository.go:486.2,490.26 4 0
snakealive/m/internal/services/trip/repository/repository.go:505.2,505.16 1 0
snakealive/m/internal/services/trip/repository/repository.go:508.2,508.18 1 0
snakealive/m/internal/services/trip/repository/repository.go:483.16,485.3 1 0
snakealive/m/internal/services/trip/repository/repository.go:490.26,495.17 2 0
snakealive/m/internal/services/trip/repository/repository.go:499.3,502.5 1 0
snakealive/m/internal/services/trip/repository/repository.go:495.17,497.4 1 0
snakealive/m/internal/services/trip/repository/repository.go:505.16,507.3 1 0
snakealive/m/internal/services/auth/usecase/usecase.go:31.97,33.16 2 0
snakealive/m/internal/services/auth/usecase/usecase.go:37.2,38.27 2 0
snakealive/m/internal/services/auth/usecase/usecase.go:42.2,43.74 2 0
snakealive/m/internal/services/auth/usecase/usecase.go:47.2,50.8 1 0
snakealive/m/internal/services/auth/usecase/usecase.go:33.16,35.3 1 0
snakealive/m/internal/services/auth/usecase/usecase.go:38.27,40.3 1 0
snakealive/m/internal/services/auth/usecase/usecase.go:43.74,45.3 1 0
snakealive/m/internal/services/auth/usecase/usecase.go:53.95,55.16 2 0
snakealive/m/internal/services/auth/usecase/usecase.go:59.2,59.18 1 0
snakealive/m/internal/services/auth/usecase/usecase.go:55.16,57.3 1 0
snakealive/m/internal/services/auth/usecase/usecase.go:62.77,64.2 1 0
snakealive/m/internal/services/auth/usecase/usecase.go:66.91,68.2 1 0
snakealive/m/internal/services/auth/usecase/usecase.go:70.100,73.16 3 0
snakealive/m/internal/services/auth/usecase/usecase.go:77.2,78.70 2 0
snakealive/m/internal/services/auth/usecase/usecase.go:82.2,85.8 1 0
snakealive/m/internal/services/auth/usecase/usecase.go:73.16,75.3 1 0
snakealive/m/internal/services/auth/usecase/usecase.go:78.70,80.3 1 0
snakealive/m/internal/services/auth/usecase/usecase.go:88.84,90.2 1 0
snakealive/m/internal/services/auth/usecase/usecase.go:92.96,93.25 1 0
snakealive/m/internal/services/auth/usecase/usecase.go:97.2,97.37 1 0
snakealive/m/internal/services/auth/usecase/usecase.go:93.25,95.3 1 0
snakealive/m/internal/services/auth/usecase/usecase.go:100.86,102.2 1 0
snakealive/m/internal/services/auth/usecase/usecase.go:107.15,113.2 1 0
snakealive/m/internal/services/auth/delivery/delivery.go:20.139,22.16 2 0
[...]
snakealive/m/internal/gateway/trip/delivery/delivery.go:159.66,163.62 3 0
snakealive/m/internal/gateway/trip/delivery/delivery.go:168.2,169.16 2 0
snakealive/m/internal/gateway/trip/delivery/delivery.go:174.2,176.25 3 0
snakealive/m/internal/gateway/trip/delivery/delivery.go:163.62,166.3 2 0
snakealive/m/internal/gateway/trip/delivery/delivery.go:169.16,172.3 2 0
snakealive/m/internal/gateway/trip/delivery/delivery.go:179.69,184.62 4 0
snakealive/m/internal/gateway/trip/delivery/delivery.go:189.2,190.16 2 0
snakealive/m/internal/gateway/trip/delivery/delivery.go:195.2,196.16 2 0
snakealive/m/internal/gateway/trip/delivery/delivery.go:201.2,202.25 2 0
snakealive/m/internal/gateway/trip/delivery/delivery.go:184.62,187.3 2 0
snakealive/m/internal/gateway/trip/delivery/delivery.go:190.16,193.3 2 0
snakealive/m/internal/gateway/trip/delivery/delivery.go:196.16,199.3 2 0
snakealive/m/internal/gateway/trip/delivery/delivery.go:205.69,210.16 4 0
snakealive/m/internal/gateway/trip/delivery/delivery.go:214.2,218.16 4 0
snakealive/m/internal/gateway/trip/delivery/delivery.go:221.2,221.25 1 0
snakealive/m/internal/gateway/trip/delivery/delivery.go:210.16,213.3 2 0
snakealive/m/internal/gateway/trip/delivery/delivery.go:218.16,220.3 1 0
snakealive/m/internal/gateway/trip/delivery/delivery.go:224.70,228.16 3 0
snakealive/m/internal/gateway/trip/delivery/delivery.go:233.2,234.16 2 0
snakealive/m/internal/gateway/trip/delivery/delivery.go:239.2,240.29 2 0
snakealive/m/internal/gateway/trip/delivery/delivery.go:228.16,231.3 2 0
snakealive/m/internal/gateway/trip/delivery/delivery.go:234.16,237.3 2 0
snakealive/m/internal/gateway/trip/delivery/delivery.go:243.69,247.16 3 0
snakealive/m/internal/gateway/trip/delivery/delivery.go:252.2,253.16 2 0
snakealive/m/internal/gateway/trip/delivery/delivery.go:258.2,259.29 2 0
snakealive/m/internal/gateway/trip/delivery/delivery.go:247.16,250.3 2 0
snakealive/m/internal/gateway/trip/delivery/delivery.go:253.16,256.3 2 0
snakealive/m/internal/gateway/trip/delivery/delivery.go:262.70,266.16 3 0
snakealive/m/internal/gateway/trip/delivery/delivery.go:271.2,272.16 2 0
snakealive/m/internal/gateway/trip/delivery/delivery.go:277.2,278.29 2 0
snakealive/m/internal/gateway/trip/delivery/delivery.go:266.16,269.3 2 0
snakealive/m/internal/gateway/trip/delivery/delivery.go:272.16,275.3 2 0
snakealive/m/internal/gateway/trip/delivery/delivery.go:281.69,286.61 4 0
snakealive/m/internal/gateway/trip/delivery/delivery.go:291.2,292.16 2 0
snakealive/m/internal/gateway/trip/delivery/delivery.go:296.2,300.16 4 0
snakealive/m/internal/gateway/trip/delivery/delivery.go:303.2,303.25 1 0
snakealive/m/internal/gateway/trip/delivery/delivery.go:286.61,289.3 2 0
snakealive/m/internal/gateway/trip/delivery/delivery.go:292.16,295.3 2 0
snakealive/m/internal/gateway/trip/delivery/delivery.go:300.16,302.3 1 0
snakealive/m/internal/gateway/trip/delivery/delivery.go:306.67,311.16 4 0
snakealive/m/internal/gateway/trip/delivery/delivery.go:316.2,317.16 2 0
snakealive/m/internal/gateway/trip/delivery/delivery.go:322.2,323.29 2 0
snakealive/m/internal/gateway/trip/delivery/delivery.go:311.16,314.3 2 0
snakealive/m/internal/gateway/trip/delivery/delivery.go:317.16,320.3 2 0
snakealive/m/internal/gateway/trip/delivery/delivery.go:326.71,333.16 5 0
snakealive/m/internal/gateway/trip/delivery/delivery.go:338.2,338.32 1 0
snakealive/m/internal/gateway/trip/delivery/delivery.go:333.16,336.3 2 0
snakealive/m/pkg/error_adapter/http_adapter.go:22.71,24.9 2 0
snakealive/m/pkg/error_adapter/http_adapter.go:28.2,30.12 3 0
snakealive/m/pkg/error_adapter/http_adapter.go:34.2,34.8 1 0
snakealive/m/pkg/error_adapter/http_adapter.go:24.9,26.3 1 0
snakealive/m/pkg/error_adapter/http_adapter.go:30.12,32.3 1 0
snakealive/m/pkg/error_adapter/http_adapter.go:37.98,42.2 1 0
snakealive/m/pkg/error_adapter/http_adapter.go:49.72,51.12 2 0
snakealive/m/pkg/error_adapter/http_adapter.go:55.2,55.16 1 0
snakealive/m/pkg/error_adapter/http_adapter.go:51.12,53.3 1 0
snakealive/m/pkg/error_adapter/http_adapter.go:61.15,66.2 1 0
snakealive/m/internal/services/trip/delivery/delivery.go:23.127,28.2 1 0
snakealive/m/internal/services/trip/delivery/delivery.go:30.116,32.31 2 0
snakealive/m/internal/services/trip/delivery/delivery.go:36.2,38.16 2 0
snakealive/m/internal/services/trip/delivery/delivery.go:42.2,46.32 4 0
snakealive/m/internal/services/trip/delivery/delivery.go:50.2,57.8 1 0
snakealive/m/internal/services/trip/delivery/delivery.go:32.31,34.3 1 0
snakealive/m/internal/services/trip/delivery/delivery.go:38.16,40.3 1 0
snakealive/m/internal/services/trip/delivery/delivery.go:46.32,48.3 1 0
snakealive/m/internal/services/trip/delivery/delivery.go:60.122,70.16 3 0
snakealive/m/internal/services/trip/delivery/delivery.go:74.2,75.16 2 0
snakealive/m/internal/services/trip/delivery/delivery.go:79.2,83.32 4 0
snakealive/m/internal/services/trip/delivery/delivery.go:87.2,94.8 1 0
snakealive/m/internal/services/trip/delivery/delivery.go:70.16,72.3 1 0
snakealive/m/internal/services/trip/delivery/delivery.go:75.16,77.3 1 0
snakealive/m/internal/services/trip/delivery/delivery.go:83.32,85.3 1 0
snakealive/m/internal/services/trip/delivery/delivery.go:97.125,99.31 2 0
snakealive/m/internal/services/trip/delivery/delivery.go:103.2,111.16 3 0
snakealive/m/internal/services/trip/delivery/delivery.go:115.2,116.16 2 0
snakealive/m/internal/services/trip/delivery/delivery.go:120.2,124.32 4 0
snakealive/m/internal/services/trip/delivery/delivery.go:128.2,135.8 1 0
snakealive/m/internal/services/trip/delivery/delivery.go:99.31,101.3 1 0
snakealive/m/internal/services/trip/delivery/delivery.go:111.16,113.3 1 0
snakealive/m/internal/services/trip/delivery/delivery.go:116.16,118.3 1 0
snakealive/m/internal/services/trip/delivery/delivery.go:124.32,126.3 1 0
snakealive/m/internal/services/trip/delivery/delivery.go:138.120,140.31 2 0
snakealive/m/internal/services/trip/delivery/delivery.go:144.2,145.16 2 0
snakealive/m/internal/services/trip/delivery/delivery.go:149.2,150.32 2 0
snakealive/m/internal/services/trip/delivery/delivery.go:154.2,154.20 1 0
snakealive/m/internal/services/trip/delivery/delivery.go:140.31,142.3 1 0
snakealive/m/internal/services/trip/delivery/delivery.go:145.16,147.3 1 0
snakealive/m/internal/services/trip/delivery/delivery.go:150.32,152.3 1 0
snakealive/m/internal/services/trip/delivery/delivery.go:157.119,159.31 2 0
snakealive/m/internal/services/trip/delivery/delivery.go:163.2,164.16 2 0
snakealive/m/internal/services/trip/delivery/delivery.go:168.2,175.8 1 0
snakealive/m/internal/services/trip/delivery/delivery.go:159.31,161.3 1 0
snakealive/m/internal/services/trip/delivery/delivery.go:164.16,166.3 1 0
snakealive/m/internal/services/trip/delivery/delivery.go:178.125,187.16 2 0
snakealive/m/internal/services/trip/delivery/delivery.go:191.2,192.16 2 0
snakealive/m/internal/services/trip/delivery/delivery.go:196.2,202.8 1 0
snakealive/m/internal/services/trip/delivery/delivery.go:187.16,189.3 1 0
snakealive/m/internal/services/trip/delivery/delivery.go:192.16,194.3 1 0
snakealive/m/internal/services/trip/delivery/delivery.go:205.128,207.31 2 0
snakealive/m/internal/services/trip/delivery/delivery.go:211.2,218.16 2 0
snakealive/m/internal/services/trip/delivery/delivery.go:222.2,223.16 2 0
snakealive/m/internal/services/trip/delivery/delivery.go:227.2,234.8 1 0
snakealive/m/internal/services/trip/delivery/delivery.go:207.31,209.3 1 0
snakealive/m/internal/services/trip/delivery/delivery.go:218.16,220.3 1 0
snakealive/m/internal/services/trip/delivery/delivery.go:223.16,225.3 1 0
snakealive/m/internal/services/trip/delivery/delivery.go:237.115,239.31 2 0
snakealive/m/internal/services/trip/delivery/delivery.go:243.2,244.16 2 0
snakealive/m/internal/services/trip/delivery/delivery.go:248.2,248.28 1 0
snakealive/m/internal/services/trip/delivery/delivery.go:239.31,241.3 1 0
snakealive/m/internal/services/trip/delivery/delivery.go:244.16,246.3 1 0
snakealive/m/internal/services/trip/delivery/delivery.go:251.126,253.16 2 0
snakealive/m/internal/services/trip/delivery/delivery.go:257.2,258.30 2 0
snakealive/m/internal/services/trip/delivery/delivery.go:276.2,276.25 1 0
snakealive/m/internal/services/trip/delivery/delivery.go:253.16,255.3 1 0
snakealive/m/internal/services/trip/delivery/delivery.go:258.30,263.33 4 0
snakealive/m/internal/services/trip/delivery/delivery.go:267.3,274.5 1 0
snakealive/m/internal/services/trip/delivery/delivery.go:263.33,265.4 1 0
snakealive/m/internal/services/trip/delivery/delivery.go:279.125,281.16 2 0
snakealive/m/internal/services/trip/delivery/delivery.go:285.2,286.29 2 0
snakealive/m/internal/services/trip/delivery/delivery.go:290.2,292.8 1 0
snakealive/m/internal/services/trip/delivery/delivery.go:281.16,283.3 1 0
snakealive/m/internal/services/trip/delivery/delivery.go:286.29,288.3 1 0
snakealive/m/internal/services/trip/delivery/delivery.go:295.128,297.16 2 0
snakealive/m/internal/services/trip/delivery/delivery.go:301.2,302.34 2 0
snakealive/m/internal/services/trip/delivery/delivery.go:312.2,312.26 1 0
snakealive/m/internal/services/trip/delivery/delivery.go:297.16,299.3 1 0
snakealive/m/internal/services/trip/delivery/delivery.go:302.34,311.3 1 0
snakealive/m/internal/services/trip/delivery/delivery.go:316.121,318.31 2 0
snakealive/m/internal/services/trip/delivery/delivery.go:322.2,323.16 2 0
snakealive/m/internal/services/trip/delivery/delivery.go:327.2,327.28 1 0
snakealive/m/internal/services/trip/delivery/delivery.go:318.31,320.3 1 0
snakealive/m/internal/services/trip/delivery/delivery.go:323.16,325.3 1 0
snakealive/m/internal/services/trip/delivery/delivery.go:330.119,332.31 2 0
snakealive/m/internal/services/trip/delivery/delivery.go:336.2,338.44 2 0
snakealive/m/internal/services/trip/delivery/delivery.go:332.31,334.3 1 0
snakealive/m/internal/services/trip/delivery/delivery.go:341.128,344.16 3 0
snakealive/m/internal/services/trip/delivery/delivery.go:348.2,348.16 1 0
snakealive/m/internal/services/trip/delivery/delivery.go:354.2,354.70 1 0
snakealive/m/internal/services/trip/delivery/delivery.go:358.2,359.16 2 0
snakealive/m/internal/services/trip/delivery/delivery.go:363.2,365.8 1 0
snakealive/m/internal/services/trip/delivery/delivery.go:344.16,346.3 1 0
snakealive/m/internal/services/trip/delivery/delivery.go:348.16,352.3 1 0
snakealive/m/internal/services/trip/delivery/delivery.go:354.70,356.3 1 0
snakealive/m/internal/services/trip/delivery/delivery.go:359.16,361.3 1 0
snakealive/m/internal/services/trip/delivery/delivery.go:368.71,370.31 2 0
snakealive/m/internal/services/trip/delivery/delivery.go:391.2,391.18 1 0
snakealive/m/internal/services/trip/delivery/delivery.go:370.31,372.34 2 0
snakealive/m/internal/services/trip/delivery/delivery.go:379.3,389.45 2 0
snakealive/m/internal/services/trip/delivery/delivery.go:372.34,377.4 1 0
snakealive/m/internal/services/trip/delivery/delivery.go:394.71,396.31 2 0
snakealive/m/internal/services/trip/delivery/delivery.go:417.2,417.15 1 0
snakealive/m/internal/services/trip/delivery/delivery.go:396.31,398.34 2 0
snakealive/m/internal/services/trip/delivery/delivery.go:405.3,415.39 2 0
snakealive/m/internal/services/trip/delivery/delivery.go:398.34,403.4 1 0
snakealive/m/internal/services/trip/delivery/delivery.go:420.73,422.31 2 0
snakealive/m/internal/services/trip/delivery/delivery.go:431.2,431.20 1 0
snakealive/m/internal/services/trip/delivery/delivery.go:422.31,430.3 2 0
snakealive/m/internal/services/trip/delivery/delivery.go:434.78,436.36 2 0
snakealive/m/internal/services/trip/delivery/delivery.go:445.2,445.15 1 0
snakealive/m/internal/services/trip/delivery/delivery.go:436.36,444.3 2 0
snakealive/m/internal/gateway/country/repository/query_factory.go:13.62,18.2 1 0
snakealive/m/internal/gateway/country/repository/query_factory.go:20.66,25.2 1 0
snakealive/m/internal/gateway/country/repository/query_factory.go:27.73,32.2 1 0
snakealive/m/internal/gateway/country/repository/query_factory.go:34.37,36.2 1 0
snakealive/m/internal/gateway/sight/delivery/delivery.go:30.59,32.16 2 0
snakealive/m/internal/gateway/sight/delivery/delivery.go:39.2,41.16 3 0
snakealive/m/internal/gateway/sight/delivery/delivery.go:32.16,37.3 4 0
snakealive/m/internal/gateway/sight/delivery/delivery.go:44.65,46.16 2 0
snakealive/m/internal/gateway/sight/delivery/delivery.go:53.2,55.16 3 0
snakealive/m/internal/gateway/sight/delivery/delivery.go:46.16,51.3 4 0
snakealive/m/internal/gateway/sight/delivery/delivery.go:58.64,60.16 2 0
snakealive/m/internal/gateway/sight/delivery/delivery.go:65.2,66.16 2 0
snakealive/m/internal/gateway/sight/delivery/delivery.go:73.2,75.16 3 0
snakealive/m/internal/gateway/sight/delivery/delivery.go:60.16,63.3 2 0
snakealive/m/internal/gateway/sight/delivery/delivery.go:66.16,71.3 4 0
snakealive/m/internal/gateway/sight/delivery/delivery.go:78.69,80.13 2 0
snakealive/m/internal/gateway/sight/delivery/delivery.go:85.2,86.16 2 0
snakealive/m/internal/gateway/sight/delivery/delivery.go:93.2,95.16 3 0
snakealive/m/internal/gateway/sight/delivery/delivery.go:80.13,83.3 2 0
snakealive/m/internal/gateway/sight/delivery/delivery.go:86.16,91.3 4 0
snakealive/m/internal/gateway/sight/delivery/delivery.go:98.65,100.15 2 0
snakealive/m/internal/gateway/sight/delivery/delivery.go:104.2,105.16 2 0
snakealive/m/internal/gateway/sight/delivery/delivery.go:110.2,111.16 2 0
snakealive/m/internal/gateway/sight/delivery/delivery.go:118.2,120.16 3 0
snakealive/m/internal/gateway/sight/delivery/delivery.go:100.15,103.3 2 0
snakealive/m/internal/gateway/sight/delivery/delivery.go:105.16,108.3 2 0
snakealive/m/internal/gateway/sight/delivery/delivery.go:111.16,116.3 4 0
snakealive/m/internal/gateway/sight/delivery/delivery.go:123.64,125.69 2 0
snakealive/m/internal/gateway/sight/delivery/delivery.go:131.2,132.16 2 0
snakealive/m/internal/gateway/sight/delivery/delivery.go:139.2,141.16 3 0
snakealive/m/internal/gateway/sight/delivery/delivery.go:125.69,129.3 3 0
snakealive/m/internal/gateway/sight/delivery/delivery.go:132.16,137.3 4 0
snakealive/m/internal/gateway/sight/delivery/delivery.go:147.17,152.2 1 0
snakealive/m/internal/services/review/delivery/review.go:20.137,25.2 1 0
snakealive/m/internal/services/review/delivery/review.go:27.133,31.16 2 0
snakealive/m/internal/services/review/delivery/review.go:35.2,37.34 3 0
snakealive/m/internal/services/review/delivery/review.go:48.2,50.8 1 0
snakealive/m/internal/services/review/delivery/review.go:31.16,33.3 1 0
snakealive/m/internal/services/review/delivery/review.go:37.34,46.3 2 0
snakealive/m/internal/services/review/delivery/review.go:53.125,60.16 2 0
snakealive/m/internal/services/review/delivery/review.go:64.2,65.16 2 0
snakealive/m/internal/services/review/delivery/review.go:69.2,75.8 1 0
snakealive/m/internal/services/review/delivery/review.go:60.16,62.3 1 0
snakealive/m/internal/services/review/delivery/review.go:65.16,67.3 1 0
snakealive/m/internal/services/review/delivery/review.go:78.121,80.17 2 0
snakealive/m/internal/services/review/delivery/review.go:84.2,85.16 2 0
snakealive/m/internal/services/review/delivery/review.go:89.2,89.28 1 0
snakealive/m/internal/services/review/delivery/review.go:80.17,82.3 1 0
snakealive/m/internal/services/review/delivery/review.go:85.16,87.3 1 0
snakealive/m/internal/services/sight/usecase/usecase.go:27.75,29.2 1 0
snakealive/m/internal/services/sight/usecase/usecase.go:31.81,33.16 2 0
snakealive/m/internal/services/sight/usecase/usecase.go:36.2,36.44 1 0
snakealive/m/internal/services/sight/usecase/usecase.go:40.2,41.71 2 0
snakealive/m/internal/services/sight/usecase/usecase.go:45.2,45.20 1 0
snakealive/m/internal/services/sight/usecase/usecase.go:33.16,35.3 1 0
snakealive/m/internal/services/sight/usecase/usecase.go:36.44,38.3 1 0
snakealive/m/internal/services/sight/usecase/usecase.go:41.71,43.3 1 0
snakealive/m/internal/services/sight/usecase/usecase.go:48.119,50.2 1 0
snakealive/m/internal/services/sight/usecase/usecase.go:52.97,54.2 1 0
snakealive/m/internal/services/sight/usecase/usecase.go:56.104,58.2 1 0
snakealive/m/internal/services/sight/usecase/usecase.go:60.88,62.2 1 0
snakealive/m/internal/services/sight/usecase/usecase.go:64.94,66.2 1 0
snakealive/m/internal/services/sight/usecase/usecase.go:68.68,70.2 1 0
snakealive/m/internal/gateway/country/repository/repository.go:23.90,28.16 4 0
snakealive/m/internal/gateway/country/repository/repository.go:32.2,32.18 1 0
snakealive/m/internal/gateway/country/repository/repository.go:38.2,38.23 1 0
snakealive/m/internal/gateway/country/repository/repository.go:28.16,30.3 1 0
snakealive/m/internal/gateway/country/repository/repository.go:32.18,36.3 3 0
snakealive/m/internal/gateway/country/repository/repository.go:41.87,47.16 3 0
snakealive/m/internal/gateway/country/repository/repository.go:55.2,55.21 1 0
snakealive/m/internal/gateway/country/repository/repository.go:47.16,48.27 1 0
snakealive/m/internal/gateway/country/repository/repository.go:52.3,52.22 1 0
snakealive/m/internal/gateway/country/repository/repository.go:48.27,50.4 1 0
snakealive/m/internal/gateway/country/repository/repository.go:58.94,64.16 3 0
snakealive/m/internal/gateway/country/repository/repository.go:72.2,72.21 1 0
snakealive/m/internal/gateway/country/repository/repository.go:64.16,65.27 1 0
snakealive/m/internal/gateway/country/repository/repository.go:69.3,69.22 1 0
snakealive/m/internal/gateway/country/repository/repository.go:65.27,67.4 1 0
snakealive/m/internal/gateway/country/repository/repository.go:78.18,83.2 1 0
snakealive/m/internal/services/auth/usecase/usecase.go:31.97,33.16 2 0
snakealive/m/internal/services/auth/usecase/usecase.go:37.2,38.27 2 0
snakealive/m/internal/services/auth/usecase/usecase.go:42.2,43.74 2 0
snakealive/m/internal/services/auth/usecase/usecase.go:47.2,50.8 1 0
snakealive/m/internal/services/auth/usecase/usecase.go:33.16,35.3 1 0
snakealive/m/internal/services/auth/usecase/usecase.go:38.27,40.3 1 0
snakealive/m/internal/services/auth/usecase/usecase.go:43.74,45.3 1 0
snakealive/m/internal/services/auth/usecase/usecase.go:53.95,55.16 2 0
snakealive/m/internal/services/auth/usecase/usecase.go:59.2,59.18 1 0
snakealive/m/internal/services/auth/usecase/usecase.go:55.16,57.3 1 0
snakealive/m/internal/services/auth/usecase/usecase.go:62.77,64.2 1 0
snakealive/m/internal/services/auth/usecase/usecase.go:66.91,68.2 1 0
snakealive/m/internal/services/auth/usecase/usecase.go:70.100,73.16 3 0
snakealive/m/internal/services/auth/usecase/usecase.go:77.2,78.70 2 0
snakealive/m/internal/services/auth/usecase/usecase.go:82.2,85.8 1 0
snakealive/m/internal/services/auth/usecase/usecase.go:73.16,75.3 1 0
snakealive/m/internal/services/auth/usecase/usecase.go:78.70,80.3 1 0
snakealive/m/internal/services/auth/usecase/usecase.go:88.84,90.2 1 0
snakealive/m/internal/services/auth/usecase/usecase.go:92.96,93.25 1 0
snakealive/m/internal/services/auth/usecase/usecase.go:97.2,97.37 1 0
snakealive/m/internal/services/auth/usecase/usecase.go:93.25,95.3 1 0
snakealive/m/internal/services/auth/usecase/usecase.go:100.86,102.2 1 0
snakealive/m/internal/services/auth/usecase/usecase.go:107.15,113.2 1 0
snakealive/m/internal/gateway/review/usecase/usecase.go:29.68,31.2 1 0
snakealive/m/internal/gateway/review/usecase/usecase.go:33.116,46.16 3 0
snakealive/m/internal/gateway/review/usecase/usecase.go:50.2,56.8 1 0
snakealive/m/internal/gateway/review/usecase/usecase.go:46.16,48.3 1 0
snakealive/m/internal/gateway/review/usecase/usecase.go:59.86,65.2 2 0
snakealive/m/internal/gateway/review/usecase/usecase.go:67.132,73.16 2 0
snakealive/m/internal/gateway/review/usecase/usecase.go:77.2,80.41 3 0
snakealive/m/internal/gateway/review/usecase/usecase.go:90.2,90.27 1 0
snakealive/m/internal/gateway/review/usecase/usecase.go:73.16,75.3 1 0
snakealive/m/internal/gateway/review/usecase/usecase.go:80.41,89.3 2 0
snakealive/m/pkg/helpers/sql.go:11.112,13.16 2 0
snakealive/m/pkg/helpers/sql.go:16.2,18.43 2 0
snakealive/m/pkg/helpers/sql.go:13.16,15.3 1 0
